#
# There is insufficient memory for the Java Runtime Environment to continue.
# Native memory allocation (mmap) failed to map 147324928 bytes for committing reserved memory.
# Possible reasons:
#   The system is out of physical RAM or swap space
#   The process is running with CompressedOops enabled, and the Java Heap may be blocking the growth of the native heap
# Possible solutions:
#   Reduce memory load on the system
#   Increase physical memory or swap space
#   Check if swap backing store is full
#   Decrease Java heap size (-Xmx/-Xms)
#   Decrease number of Java threads
#   Decrease Java thread stack sizes (-Xss)
#   Set larger code cache with -XX:ReservedCodeCacheSize=
#   JVM is running with Unscaled Compressed Oops mode in which the Java heap is
#     placed in the first 4GB address space. The Java Heap base address is the
#     maximum limit for the native heap growth. Please use -XX:HeapBaseMinAddress
#     to set the Java Heap base and to place the Java Heap above 4GB virtual address.
# This output file may be truncated or incomplete.
#
#  Out of Memory Error (os_linux.cpp:2756), pid=28585, tid=0x00007f1d228cf700
#
# JRE version: OpenJDK Runtime Environment (8.0_212-b03) (build 1.8.0_212-8u212-b03-0ubuntu1.18.04.1-b03)
# Java VM: OpenJDK 64-Bit Server VM (25.212-b03 mixed mode linux-amd64 compressed oops)
# Failed to write core dump. Core dumps have been disabled. To enable core dumping, try "ulimit -c unlimited" before starting Java again
#

---------------  T H R E A D  ---------------

Current thread (0x00007f1d48082000):  VMThread [stack: 0x00007f1d227d0000,0x00007f1d228d0000] [id=28597]

Stack: [0x00007f1d227d0000,0x00007f1d228d0000],  sp=0x00007f1d228ce4a0,  free space=1017k
Native frames: (J=compiled Java code, j=interpreted, Vv=VM code, C=native code)
V  [libjvm.so+0xab46a2]
V  [libjvm.so+0x4db6b7]
V  [libjvm.so+0x8ef7b0]
V  [libjvm.so+0x8e68ce]
V  [libjvm.so+0x96a406]
V  [libjvm.so+0x96b778]
V  [libjvm.so+0x967d76]
V  [libjvm.so+0x96810c]
V  [libjvm.so+0x916928]
V  [libjvm.so+0xab6372]
V  [libjvm.so+0xabaea6]
V  [libjvm.so+0xab91e5]
V  [libjvm.so+0xab9abd]
V  [libjvm.so+0xab9e97]
V  [libjvm.so+0x8ecb42]

VM_Operation (0x00007f1cdbffcd50): ParallelGCFailedAllocation, mode: safepoint, requested by thread 0x00007f1ce0003000


---------------  P R O C E S S  ---------------

Java Threads: ( => current thread )
  0x00007f1cc8001800 JavaThread "JMX server connection timeout 24" daemon [_thread_blocked, id=28623, stack(0x00007f1cdb1d5000,0x00007f1cdb2d6000)]
  0x00007f1cf8001000 JavaThread "RMI TCP Connection(3)-127.0.0.1" daemon [_thread_in_native, id=28622, stack(0x00007f1cdb6f8000,0x00007f1cdb7f9000)]
  0x00007f1d0c001000 JavaThread "Attach Listener" daemon [_thread_blocked, id=28619, stack(0x00007f1cdbafd000,0x00007f1cdbbfe000)]
  0x00007f1ce0003000 JavaThread "restartedMain" [_thread_blocked, id=28617, stack(0x00007f1cdbeff000,0x00007f1cdc000000)]
  0x00007f1d49159000 JavaThread "Thread-2" [_thread_blocked, id=28616, stack(0x00007f1d2008c000,0x00007f1d2018d000)]
  0x00007f1ce4005800 JavaThread "JMX server connection timeout 16" daemon [_thread_blocked, id=28614, stack(0x00007f1d2038d000,0x00007f1d2048e000)]
  0x00007f1cf000a000 JavaThread "RMI Scheduler(0)" daemon [_thread_blocked, id=28613, stack(0x00007f1d2048e000,0x00007f1d2058f000)]
  0x00007f1d00001800 JavaThread "RMI TCP Connection(2)-127.0.0.1" daemon [_thread_in_native, id=28612, stack(0x00007f1d2058f000,0x00007f1d20690000)]
  0x00007f1cf4001800 JavaThread "RMI TCP Connection(1)-127.0.0.1" daemon [_thread_in_native, id=28610, stack(0x00007f1d20690000,0x00007f1d20791000)]
  0x00007f1d489b9800 JavaThread "RMI TCP Accept-0" daemon [_thread_in_native, id=28608, stack(0x00007f1d20892000,0x00007f1d20993000)]
  0x00007f1d489ab000 JavaThread "RMI TCP Accept-36813" daemon [_thread_in_native, id=28607, stack(0x00007f1d20993000,0x00007f1d20a94000)]
  0x00007f1d48996800 JavaThread "RMI TCP Accept-0" daemon [_thread_in_native, id=28606, stack(0x00007f1d20a94000,0x00007f1d20b95000)]
  0x00007f1d480f4000 JavaThread "Service Thread" daemon [_thread_blocked, id=28605, stack(0x00007f1d216f8000,0x00007f1d217f9000)]
  0x00007f1d480c7000 JavaThread "C1 CompilerThread2" daemon [_thread_blocked, id=28604, stack(0x00007f1d217fa000,0x00007f1d218fa000)]
  0x00007f1d480c5000 JavaThread "C2 CompilerThread1" daemon [_thread_blocked, id=28603, stack(0x00007f1d218fb000,0x00007f1d219fb000)]
  0x00007f1d480c2800 JavaThread "C2 CompilerThread0" daemon [_thread_blocked, id=28602, stack(0x00007f1d219fc000,0x00007f1d21afc000)]
  0x00007f1d480c0800 JavaThread "Signal Dispatcher" daemon [_thread_blocked, id=28601, stack(0x00007f1d21afc000,0x00007f1d21bfd000)]
  0x00007f1d4808e000 JavaThread "Finalizer" daemon [_thread_blocked, id=28599, stack(0x00007f1d225cd000,0x00007f1d226ce000)]
  0x00007f1d4808b800 JavaThread "Reference Handler" daemon [_thread_blocked, id=28598, stack(0x00007f1d226ce000,0x00007f1d227cf000)]
  0x00007f1d48014000 JavaThread "main" [_thread_blocked, id=28591, stack(0x00007f1d4f99a000,0x00007f1d4fa9a000)]

Other Threads:
=>0x00007f1d48082000 VMThread [stack: 0x00007f1d227d0000,0x00007f1d228d0000] [id=28597]
  0x00007f1d489be000 WatcherThread [stack: 0x00007f1d20792000,0x00007f1d20892000] [id=28609]

VM state:at safepoint (normal execution)

VM Mutex/Monitor currently owned by a thread:  ([mutex/lock_event])
[0x00007f1d48010bb0] Threads_lock - owner thread: 0x00007f1d48082000
[0x00007f1d480110b0] Heap_lock - owner thread: 0x00007f1ce0003000

heap address: 0x0000000084a00000, size: 1974 MB, Compressed Oops mode: 32-bit
Narrow klass base: 0x0000000000000000, Narrow klass shift: 3
Compressed class space size: 1073741824 Address: 0x0000000100000000

Heap:
 PSYoungGen      total 233984K, used 10230K [0x00000000d6e00000, 0x00000000e7780000, 0x0000000100000000)
  eden space 223744K, 0% used [0x00000000d6e00000,0x00000000d6e00000,0x00000000e4880000)
  from space 10240K, 99% used [0x00000000e6380000,0x00000000e6d7d858,0x00000000e6d80000)
  to   space 7168K, 0% used [0x00000000e7080000,0x00000000e7080000,0x00000000e7780000)
 ParOldGen       total 49152K, used 15468K [0x0000000084a00000, 0x0000000087a00000, 0x00000000d6e00000)
  object space 49152K, 31% used [0x0000000084a00000,0x000000008591b160,0x0000000087a00000)
 Metaspace       used 31518K, capacity 32982K, committed 33152K, reserved 1077248K
  class space    used 4185K, capacity 4473K, committed 4480K, reserved 1048576K

Card table byte_map: [0x00007f1d38864000,0x00007f1d38c40000] byte_map_base: 0x00007f1d3843f000

Marking Bits: (ParMarkBitMap*) 0x00007f1d4ec313c0
 Begin Bits: [0x00007f1d30250000, 0x00007f1d32128000)
 End Bits:   [0x00007f1d32128000, 0x00007f1d34000000)

Polling page: 0x00007f1d4fab2000

CodeCache: size=245760Kb used=6884Kb max_used=6884Kb free=238875Kb
 bounds [0x00007f1d39000000, 0x00007f1d396c0000, 0x00007f1d48000000]
 total_blobs=3763 nmethods=3343 adapters=334
 compilation: enabled

Compilation events (10 events):
Event: 4.294 Thread 0x00007f1d480c7000 3339       1       java.math.BigInteger::squareToLen (33 bytes)
Event: 4.295 Thread 0x00007f1d480c7000 nmethod 3339 0x00007f1d396b6450 code [0x00007f1d396b65c0, 0x00007f1d396b67d8]
Event: 4.295 Thread 0x00007f1d480c7000 3340       1       java.math.BigInteger::implSquareToLenChecks (198 bytes)
Event: 4.296 Thread 0x00007f1d480c7000 nmethod 3340 0x00007f1d396b68d0 code [0x00007f1d396b6be0, 0x00007f1d396b7b38]
Event: 4.301 Thread 0x00007f1d480c7000 3341       1       java.math.MutableBigInteger::unsignedLongCompare (20 bytes)
Event: 4.301 Thread 0x00007f1d480c7000 nmethod 3341 0x00007f1d396b8690 code [0x00007f1d396b87e0, 0x00007f1d396b8910]
Event: 4.312 Thread 0x00007f1d480c7000 3342       1       java.security.CodeSigner::equals (72 bytes)
Event: 4.312 Thread 0x00007f1d480c7000 nmethod 3342 0x00007f1d396b8950 code [0x00007f1d396b8ae0, 0x00007f1d396b8d58]
Event: 4.312 Thread 0x00007f1d480c7000 3343       1       java.security.CodeSigner::getTimestamp (5 bytes)
Event: 4.312 Thread 0x00007f1d480c7000 nmethod 3343 0x00007f1d396b8e90 code [0x00007f1d396b8fe0, 0x00007f1d396b90f0]

GC Heap History (10 events):
Event: 1.276 GC heap after
Heap after GC invocations=3 (full 0):
 PSYoungGen      total 68608K, used 5089K [0x00000000d6e00000, 0x00000000df400000, 0x0000000100000000)
  eden space 63488K, 0% used [0x00000000d6e00000,0x00000000d6e00000,0x00000000dac00000)
  from space 5120K, 99% used [0x00000000dac00000,0x00000000db0f8400,0x00000000db100000)
  to   space 5120K, 0% used [0x00000000def00000,0x00000000def00000,0x00000000df400000)
 ParOldGen       total 84992K, used 3931K [0x0000000084a00000, 0x0000000089d00000, 0x00000000d6e00000)
  object space 84992K, 4% used [0x0000000084a00000,0x0000000084dd6da8,0x0000000089d00000)
 Metaspace       used 14734K, capacity 15204K, committed 15360K, reserved 1062912K
  class space    used 1888K, capacity 2029K, committed 2048K, reserved 1048576K
}
Event: 1.527 GC heap before
{Heap before GC invocations=4 (full 0):
 PSYoungGen      total 68608K, used 68577K [0x00000000d6e00000, 0x00000000df400000, 0x0000000100000000)
  eden space 63488K, 100% used [0x00000000d6e00000,0x00000000dac00000,0x00000000dac00000)
  from space 5120K, 99% used [0x00000000dac00000,0x00000000db0f8400,0x00000000db100000)
  to   space 5120K, 0% used [0x00000000def00000,0x00000000def00000,0x00000000df400000)
 ParOldGen       total 84992K, used 3931K [0x0000000084a00000, 0x0000000089d00000, 0x00000000d6e00000)
  object space 84992K, 4% used [0x0000000084a00000,0x0000000084dd6da8,0x0000000089d00000)
 Metaspace       used 19632K, capacity 20184K, committed 20480K, reserved 1067008K
  class space    used 2549K, capacity 2725K, committed 2816K, reserved 1048576K
Event: 1.563 GC heap after
Heap after GC invocations=4 (full 0):
 PSYoungGen      total 132096K, used 5089K [0x00000000d6e00000, 0x00000000df400000, 0x0000000100000000)
  eden space 126976K, 0% used [0x00000000d6e00000,0x00000000d6e00000,0x00000000dea00000)
  from space 5120K, 99% used [0x00000000def00000,0x00000000df3f87d8,0x00000000df400000)
  to   space 5120K, 0% used [0x00000000dea00000,0x00000000dea00000,0x00000000def00000)
 ParOldGen       total 84992K, used 8489K [0x0000000084a00000, 0x0000000089d00000, 0x00000000d6e00000)
  object space 84992K, 9% used [0x0000000084a00000,0x000000008524a668,0x0000000089d00000)
 Metaspace       used 19632K, capacity 20184K, committed 20480K, reserved 1067008K
  class space    used 2549K, capacity 2725K, committed 2816K, reserved 1048576K
}
Event: 1.601 GC heap before
{Heap before GC invocations=5 (full 0):
 PSYoungGen      total 132096K, used 11725K [0x00000000d6e00000, 0x00000000df400000, 0x0000000100000000)
  eden space 126976K, 5% used [0x00000000d6e00000,0x00000000d747ae38,0x00000000dea00000)
  from space 5120K, 99% used [0x00000000def00000,0x00000000df3f87d8,0x00000000df400000)
  to   space 5120K, 0% used [0x00000000dea00000,0x00000000dea00000,0x00000000def00000)
 ParOldGen       total 84992K, used 8489K [0x0000000084a00000, 0x0000000089d00000, 0x00000000d6e00000)
  object space 84992K, 9% used [0x0000000084a00000,0x000000008524a668,0x0000000089d00000)
 Metaspace       used 20561K, capacity 21128K, committed 21296K, reserved 1067008K
  class space    used 2648K, capacity 2825K, committed 2944K, reserved 1048576K
Event: 1.613 GC heap after
Heap after GC invocations=5 (full 0):
 PSYoungGen      total 132096K, used 5089K [0x00000000d6e00000, 0x00000000e7b00000, 0x0000000100000000)
  eden space 126976K, 0% used [0x00000000d6e00000,0x00000000d6e00000,0x00000000dea00000)
  from space 5120K, 99% used [0x00000000dea00000,0x00000000deef87f8,0x00000000def00000)
  to   space 10752K, 0% used [0x00000000e7080000,0x00000000e7080000,0x00000000e7b00000)
 ParOldGen       total 84992K, used 9056K [0x0000000084a00000, 0x0000000089d00000, 0x00000000d6e00000)
  object space 84992K, 10% used [0x0000000084a00000,0x00000000852d82e0,0x0000000089d00000)
 Metaspace       used 20561K, capacity 21128K, committed 21296K, reserved 1067008K
  class space    used 2648K, capacity 2825K, committed 2944K, reserved 1048576K
}
Event: 1.613 GC heap before
{Heap before GC invocations=6 (full 1):
 PSYoungGen      total 132096K, used 5089K [0x00000000d6e00000, 0x00000000e7b00000, 0x0000000100000000)
  eden space 126976K, 0% used [0x00000000d6e00000,0x00000000d6e00000,0x00000000dea00000)
  from space 5120K, 99% used [0x00000000dea00000,0x00000000deef87f8,0x00000000def00000)
  to   space 10752K, 0% used [0x00000000e7080000,0x00000000e7080000,0x00000000e7b00000)
 ParOldGen       total 84992K, used 9056K [0x0000000084a00000, 0x0000000089d00000, 0x00000000d6e00000)
  object space 84992K, 10% used [0x0000000084a00000,0x00000000852d82e0,0x0000000089d00000)
 Metaspace       used 20561K, capacity 21128K, committed 21296K, reserved 1067008K
  class space    used 2648K, capacity 2825K, committed 2944K, reserved 1048576K
Event: 1.657 GC heap after
Heap after GC invocations=6 (full 1):
 PSYoungGen      total 132096K, used 0K [0x00000000d6e00000, 0x00000000e7b00000, 0x0000000100000000)
  eden space 126976K, 0% used [0x00000000d6e00000,0x00000000d6e00000,0x00000000dea00000)
  from space 5120K, 0% used [0x00000000dea00000,0x00000000dea00000,0x00000000def00000)
  to   space 10752K, 0% used [0x00000000e7080000,0x00000000e7080000,0x00000000e7b00000)
 ParOldGen       total 49152K, used 5747K [0x0000000084a00000, 0x0000000087a00000, 0x00000000d6e00000)
  object space 49152K, 11% used [0x0000000084a00000,0x0000000084f9cd88,0x0000000087a00000)
 Metaspace       used 20561K, capacity 21128K, committed 21296K, reserved 1067008K
  class space    used 2648K, capacity 2825K, committed 2944K, reserved 1048576K
}
Event: 2.537 GC heap before
{Heap before GC invocations=7 (full 1):
 PSYoungGen      total 132096K, used 126976K [0x00000000d6e00000, 0x00000000e7b00000, 0x0000000100000000)
  eden space 126976K, 100% used [0x00000000d6e00000,0x00000000dea00000,0x00000000dea00000)
  from space 5120K, 0% used [0x00000000dea00000,0x00000000dea00000,0x00000000def00000)
  to   space 10752K, 0% used [0x00000000e7080000,0x00000000e7080000,0x00000000e7b00000)
 ParOldGen       total 49152K, used 5747K [0x0000000084a00000, 0x0000000087a00000, 0x00000000d6e00000)
  object space 49152K, 11% used [0x0000000084a00000,0x0000000084f9cd88,0x0000000087a00000)
 Metaspace       used 24140K, capacity 25010K, committed 25216K, reserved 1071104K
  class space    used 3165K, capacity 3387K, committed 3456K, reserved 1048576K
Event: 2.547 GC heap after
Heap after GC invocations=7 (full 1):
 PSYoungGen      total 230912K, used 6830K [0x00000000d6e00000, 0x00000000e7780000, 0x0000000100000000)
  eden space 223744K, 0% used [0x00000000d6e00000,0x00000000d6e00000,0x00000000e4880000)
  from space 7168K, 95% used [0x00000000e7080000,0x00000000e772ba48,0x00000000e7780000)
  to   space 10240K, 0% used [0x00000000e6380000,0x00000000e6380000,0x00000000e6d80000)
 ParOldGen       total 49152K, used 5755K [0x0000000084a00000, 0x0000000087a00000, 0x00000000d6e00000)
  object space 49152K, 11% used [0x0000000084a00000,0x0000000084f9ed88,0x0000000087a00000)
 Metaspace       used 24140K, capacity 25010K, committed 25216K, reserved 1071104K
  class space    used 3165K, capacity 3387K, committed 3456K, reserved 1048576K
}
Event: 4.319 GC heap before
{Heap before GC invocations=8 (full 1):
 PSYoungGen      total 230912K, used 230574K [0x00000000d6e00000, 0x00000000e7780000, 0x0000000100000000)
  eden space 223744K, 100% used [0x00000000d6e00000,0x00000000e4880000,0x00000000e4880000)
  from space 7168K, 95% used [0x00000000e7080000,0x00000000e772ba48,0x00000000e7780000)
  to   space 10240K, 0% used [0x00000000e6380000,0x00000000e6380000,0x00000000e6d80000)
 ParOldGen       total 49152K, used 5755K [0x0000000084a00000, 0x0000000087a00000, 0x00000000d6e00000)
  object space 49152K, 11% used [0x0000000084a00000,0x0000000084f9ed88,0x0000000087a00000)
 Metaspace       used 31518K, capacity 32982K, committed 33152K, reserved 1077248K
  class space    used 4185K, capacity 4473K, committed 4480K, reserved 1048576K

Deoptimization events (0 events):
No events

Classes redefined (0 events):
No events

Internal exceptions (10 events):
Event: 3.878 Thread 0x00007f1ce0003000 Exception <a 'java/lang/ArrayIndexOutOfBoundsException'> (0x00000000e29f27e0) thrown at [/build/openjdk-8-fPix8r/openjdk-8-8u212-b03/src/hotspot/src/share/vm/runtime/sharedRuntime.cpp, line 605]
Event: 3.879 Thread 0x00007f1ce0003000 Exception <a 'java/lang/ArrayIndexOutOfBoundsException'> (0x00000000e29fb6b8) thrown at [/build/openjdk-8-fPix8r/openjdk-8-8u212-b03/src/hotspot/src/share/vm/runtime/sharedRuntime.cpp, line 605]
Event: 3.893 Thread 0x00007f1ce0003000 Exception <a 'java/lang/ArrayIndexOutOfBoundsException'> (0x00000000e2ab25e8) thrown at [/build/openjdk-8-fPix8r/openjdk-8-8u212-b03/src/hotspot/src/share/vm/runtime/sharedRuntime.cpp, line 605]
Event: 3.897 Thread 0x00007f1ce0003000 Exception <a 'java/lang/ArrayIndexOutOfBoundsException'> (0x00000000e2af9db8) thrown at [/build/openjdk-8-fPix8r/openjdk-8-8u212-b03/src/hotspot/src/share/vm/runtime/sharedRuntime.cpp, line 605]
Event: 3.900 Thread 0x00007f1ce0003000 Exception <a 'java/lang/ArrayIndexOutOfBoundsException'> (0x00000000e2b475c0) thrown at [/build/openjdk-8-fPix8r/openjdk-8-8u212-b03/src/hotspot/src/share/vm/runtime/sharedRuntime.cpp, line 605]
Event: 3.944 Thread 0x00007f1ce0003000 Exception <a 'java/lang/ArrayIndexOutOfBoundsException'> (0x00000000e2f8ac50) thrown at [/build/openjdk-8-fPix8r/openjdk-8-8u212-b03/src/hotspot/src/share/vm/runtime/sharedRuntime.cpp, line 605]
Event: 3.944 Thread 0x00007f1ce0003000 Exception <a 'java/lang/ArrayIndexOutOfBoundsException'> (0x00000000e2f8bf98) thrown at [/build/openjdk-8-fPix8r/openjdk-8-8u212-b03/src/hotspot/src/share/vm/runtime/sharedRuntime.cpp, line 605]
Event: 3.944 Thread 0x00007f1ce0003000 Exception <a 'java/lang/ArrayIndexOutOfBoundsException'> (0x00000000e2f8d7e0) thrown at [/build/openjdk-8-fPix8r/openjdk-8-8u212-b03/src/hotspot/src/share/vm/runtime/sharedRuntime.cpp, line 605]
Event: 3.945 Thread 0x00007f1ce0003000 Exception <a 'java/lang/ArrayIndexOutOfBoundsException'> (0x00000000e2faa7e8) thrown at [/build/openjdk-8-fPix8r/openjdk-8-8u212-b03/src/hotspot/src/share/vm/runtime/sharedRuntime.cpp, line 605]
Event: 4.283 Thread 0x00007f1d00001800 Exception <a 'java/lang/reflect/InvocationTargetException'> (0x00000000d96055a8) thrown at [/build/openjdk-8-fPix8r/openjdk-8-8u212-b03/src/hotspot/src/share/vm/runtime/reflection.cpp, line 1092]

Events (10 events):
Event: 4.287 loading class javax/crypto/BadPaddingException done
Event: 4.287 loading class sun/security/timestamp/TimestampToken
Event: 4.288 loading class sun/security/timestamp/TimestampToken done
Event: 4.288 loading class java/security/Timestamp
Event: 4.289 loading class java/security/Timestamp done
Event: 4.290 loading class sun/security/provider/DSA$SHA256withDSA
Event: 4.290 loading class sun/security/provider/DSA$SHA256withDSA done
Event: 4.313 loading class java/util/jar/JarVerifier$VerifierStream
Event: 4.313 loading class java/util/jar/JarVerifier$VerifierStream done
Event: 4.319 Executing VM operation: ParallelGCFailedAllocation


Dynamic libraries:
84a00000-87a00000 rw-p 00000000 00:00 0 
87a00000-d6e00000 ---p 00000000 00:00 0 
d6e00000-e7780000 rw-p 00000000 00:00 0 
f0400000-100000000 ---p 00000000 00:00 0 
100000000-100460000 rw-p 00000000 00:00 0 
100460000-140000000 ---p 00000000 00:00 0 
559bf2585000-559bf2586000 r-xp 00000000 08:02 2370679                    /usr/lib/jvm/java-8-openjdk-amd64/jre/bin/java
559bf2785000-559bf2786000 r--p 00000000 08:02 2370679                    /usr/lib/jvm/java-8-openjdk-amd64/jre/bin/java
559bf2786000-559bf2787000 rw-p 00001000 08:02 2370679                    /usr/lib/jvm/java-8-openjdk-amd64/jre/bin/java
559bf2911000-559bf2932000 rw-p 00000000 00:00 0                          [heap]
7f1cc4000000-7f1cc4021000 rw-p 00000000 00:00 0 
7f1cc4021000-7f1cc8000000 ---p 00000000 00:00 0 
7f1cc8000000-7f1cc8021000 rw-p 00000000 00:00 0 
7f1cc8021000-7f1ccc000000 ---p 00000000 00:00 0 
7f1ccc000000-7f1ccc398000 rw-p 00000000 00:00 0 
7f1ccc398000-7f1cd0000000 ---p 00000000 00:00 0 
7f1cd0000000-7f1cd0021000 rw-p 00000000 00:00 0 
7f1cd0021000-7f1cd4000000 ---p 00000000 00:00 0 
7f1cd4000000-7f1cd4849000 rw-p 00000000 00:00 0 
7f1cd4849000-7f1cd8000000 ---p 00000000 00:00 0 
7f1cda1d5000-7f1cda3d5000 rw-p 00000000 00:00 0 
7f1cda3d5000-7f1cda5d5000 rw-p 00000000 00:00 0 
7f1cda5d5000-7f1cda7d5000 rw-p 00000000 00:00 0 
7f1cda7d5000-7f1cda9d5000 rw-p 00000000 00:00 0 
7f1cda9d5000-7f1cdabd5000 rw-p 00000000 00:00 0 
7f1cdabd5000-7f1cdadd5000 rw-p 00000000 00:00 0 
7f1cdadd5000-7f1cdafd5000 rw-p 00000000 00:00 0 
7f1cdafd5000-7f1cdb1d5000 rw-p 00000000 00:00 0 
7f1cdb1d5000-7f1cdb1d8000 ---p 00000000 00:00 0 
7f1cdb1d8000-7f1cdb2d6000 rw-p 00000000 00:00 0 
7f1cdb2d6000-7f1cdb2ed000 r-xp 00000000 08:02 267233                     /lib/x86_64-linux-gnu/libresolv-2.27.so
7f1cdb2ed000-7f1cdb4ed000 ---p 00017000 08:02 267233                     /lib/x86_64-linux-gnu/libresolv-2.27.so
7f1cdb4ed000-7f1cdb4ee000 r--p 00017000 08:02 267233                     /lib/x86_64-linux-gnu/libresolv-2.27.so
7f1cdb4ee000-7f1cdb4ef000 rw-p 00018000 08:02 267233                     /lib/x86_64-linux-gnu/libresolv-2.27.so
7f1cdb4ef000-7f1cdb4f1000 rw-p 00000000 00:00 0 
7f1cdb4f1000-7f1cdb4f6000 r-xp 00000000 08:02 267182                     /lib/x86_64-linux-gnu/libnss_dns-2.27.so
7f1cdb4f6000-7f1cdb6f6000 ---p 00005000 08:02 267182                     /lib/x86_64-linux-gnu/libnss_dns-2.27.so
7f1cdb6f6000-7f1cdb6f7000 r--p 00005000 08:02 267182                     /lib/x86_64-linux-gnu/libnss_dns-2.27.so
7f1cdb6f7000-7f1cdb6f8000 rw-p 00006000 08:02 267182                     /lib/x86_64-linux-gnu/libnss_dns-2.27.so
7f1cdb6f8000-7f1cdb6fb000 ---p 00000000 00:00 0 
7f1cdb6fb000-7f1cdb7f9000 rw-p 00000000 00:00 0 
7f1cdb7f9000-7f1cdb7fb000 r-xp 00000000 08:02 267190                     /lib/x86_64-linux-gnu/libnss_mdns4_minimal.so.2
7f1cdb7fb000-7f1cdb9fa000 ---p 00002000 08:02 267190                     /lib/x86_64-linux-gnu/libnss_mdns4_minimal.so.2
7f1cdb9fa000-7f1cdb9fb000 r--p 00001000 08:02 267190                     /lib/x86_64-linux-gnu/libnss_mdns4_minimal.so.2
7f1cdb9fb000-7f1cdb9fc000 rw-p 00002000 08:02 267190                     /lib/x86_64-linux-gnu/libnss_mdns4_minimal.so.2
7f1cdb9fc000-7f1cdb9ff000 ---p 00000000 00:00 0 
7f1cdb9ff000-7f1cdbafd000 rw-p 00000000 00:00 0 
7f1cdbafd000-7f1cdbb00000 ---p 00000000 00:00 0 
7f1cdbb00000-7f1cdbdfe000 rw-p 00000000 00:00 0 
7f1cdbdfe000-7f1cdbe01000 ---p 00000000 00:00 0 
7f1cdbe01000-7f1cdbeff000 rw-p 00000000 00:00 0 
7f1cdbeff000-7f1cdbf02000 ---p 00000000 00:00 0 
7f1cdbf02000-7f1cdc000000 rw-p 00000000 00:00 0 
7f1cdc000000-7f1cdc021000 rw-p 00000000 00:00 0 
7f1cdc021000-7f1ce0000000 ---p 00000000 00:00 0 
7f1ce0000000-7f1ce0021000 rw-p 00000000 00:00 0 
7f1ce0021000-7f1ce4000000 ---p 00000000 00:00 0 
7f1ce4000000-7f1ce4021000 rw-p 00000000 00:00 0 
7f1ce4021000-7f1ce8000000 ---p 00000000 00:00 0 
7f1ce8000000-7f1ce8021000 rw-p 00000000 00:00 0 
7f1ce8021000-7f1cec000000 ---p 00000000 00:00 0 
7f1cec000000-7f1cec021000 rw-p 00000000 00:00 0 
7f1cec021000-7f1cf0000000 ---p 00000000 00:00 0 
7f1cf0000000-7f1cf0021000 rw-p 00000000 00:00 0 
7f1cf0021000-7f1cf4000000 ---p 00000000 00:00 0 
7f1cf4000000-7f1cf4021000 rw-p 00000000 00:00 0 
7f1cf4021000-7f1cf8000000 ---p 00000000 00:00 0 
7f1cf8000000-7f1cf8021000 rw-p 00000000 00:00 0 
7f1cf8021000-7f1cfc000000 ---p 00000000 00:00 0 
7f1cfc000000-7f1cfc021000 rw-p 00000000 00:00 0 
7f1cfc021000-7f1d00000000 ---p 00000000 00:00 0 
7f1d00000000-7f1d00021000 rw-p 00000000 00:00 0 
7f1d00021000-7f1d04000000 ---p 00000000 00:00 0 
7f1d04000000-7f1d04021000 rw-p 00000000 00:00 0 
7f1d04021000-7f1d08000000 ---p 00000000 00:00 0 
7f1d08000000-7f1d0869e000 rw-p 00000000 00:00 0 
7f1d0869e000-7f1d0c000000 ---p 00000000 00:00 0 
7f1d0c000000-7f1d0c021000 rw-p 00000000 00:00 0 
7f1d0c021000-7f1d10000000 ---p 00000000 00:00 0 
7f1d10000000-7f1d10036000 rw-p 00000000 00:00 0 
7f1d10036000-7f1d14000000 ---p 00000000 00:00 0 
7f1d14000000-7f1d14021000 rw-p 00000000 00:00 0 
7f1d14021000-7f1d18000000 ---p 00000000 00:00 0 
7f1d18000000-7f1d18021000 rw-p 00000000 00:00 0 
7f1d18021000-7f1d1c000000 ---p 00000000 00:00 0 
7f1d1c000000-7f1d1c021000 rw-p 00000000 00:00 0 
7f1d1c021000-7f1d20000000 ---p 00000000 00:00 0 
7f1d20085000-7f1d20087000 r--s 00016000 08:02 2370752                    /usr/lib/jvm/java-8-openjdk-amd64/jre/lib/jce.jar
7f1d20087000-7f1d2008c000 r--s 002f9000 08:02 2370725                    /usr/lib/jvm/java-8-openjdk-amd64/jre/lib/charsets.jar
7f1d2008c000-7f1d2008f000 ---p 00000000 00:00 0 
7f1d2008f000-7f1d2038d000 rw-p 00000000 00:00 0 
7f1d2038d000-7f1d20390000 ---p 00000000 00:00 0 
7f1d20390000-7f1d2048e000 rw-p 00000000 00:00 0 
7f1d2048e000-7f1d20491000 ---p 00000000 00:00 0 
7f1d20491000-7f1d2058f000 rw-p 00000000 00:00 0 
7f1d2058f000-7f1d20592000 ---p 00000000 00:00 0 
7f1d20592000-7f1d20690000 rw-p 00000000 00:00 0 
7f1d20690000-7f1d20693000 ---p 00000000 00:00 0 
7f1d20693000-7f1d20791000 rw-p 00000000 00:00 0 
7f1d20791000-7f1d20792000 ---p 00000000 00:00 0 
7f1d20792000-7f1d20892000 rw-p 00000000 00:00 0 
7f1d20892000-7f1d20895000 ---p 00000000 00:00 0 
7f1d20895000-7f1d20993000 rw-p 00000000 00:00 0 
7f1d20993000-7f1d20996000 ---p 00000000 00:00 0 
7f1d20996000-7f1d20a94000 rw-p 00000000 00:00 0 
7f1d20a94000-7f1d20a97000 ---p 00000000 00:00 0 
7f1d20a97000-7f1d20b95000 rw-p 00000000 00:00 0 
7f1d20b95000-7f1d20b99000 r--s 000a1000 08:02 2370754                    /usr/lib/jvm/java-8-openjdk-amd64/jre/lib/jsse.jar
7f1d20b99000-7f1d20bc4000 r--s 001f5000 08:02 6037619                    /home/vinetechs/.m2/repository/com/google/guava/guava/16.0/guava-16.0.jar
7f1d20bc4000-7f1d20bc6000 r--s 0000c000 08:02 6955260                    /home/vinetechs/.m2/repository/javax/activation/javax.activation-api/1.2.0/javax.activation-api-1.2.0.jar
7f1d20bc6000-7f1d20bca000 r--s 0001c000 08:02 6836180                    /home/vinetechs/.m2/repository/javax/xml/bind/jaxb-api/2.3.1/jaxb-api-2.3.1.jar
7f1d20bca000-7f1d20bce000 r--s 00025000 08:02 6836178                    /home/vinetechs/.m2/repository/org/xmlunit/xmlunit-core/2.6.2/xmlunit-core-2.6.2.jar
7f1d20bce000-7f1d20bdc000 r--s 0008a000 08:02 5645515                    /home/vinetechs/.m2/repository/org/springframework/spring-test/5.1.6.RELEASE/spring-test-5.1.6.RELEASE.jar
7f1d20bdc000-7f1d20bdd000 r--s 00005000 08:02 5116623                    /home/vinetechs/.m2/repository/org/springframework/spring-jcl/5.1.6.RELEASE/spring-jcl-5.1.6.RELEASE.jar
7f1d20bdd000-7f1d20bf5000 r--s 00124000 08:02 5116621                    /home/vinetechs/.m2/repository/org/springframework/spring-core/5.1.6.RELEASE/spring-core-5.1.6.RELEASE.jar
7f1d20bf5000-7f1d20bf6000 r--s 00004000 08:02 6836175                    /home/vinetechs/.m2/repository/com/vaadin/external/google/android-json/0.0.20131108.vaadin1/android-json-0.0.20131108.vaadin1.jar
7f1d20bf6000-7f1d20bf8000 r--s 00006000 08:02 6836172                    /home/vinetechs/.m2/repository/org/skyscreamer/jsonassert/1.5.0/jsonassert-1.5.0.jar
7f1d20bf8000-7f1d20bf9000 r--s 0000c000 08:02 6699499                    /home/vinetechs/.m2/repository/org/hamcrest/hamcrest-library/1.3/hamcrest-library-1.3.jar
7f1d20bf9000-7f1d20bfb000 r--s 00009000 08:02 6699496                    /home/vinetechs/.m2/repository/org/hamcrest/hamcrest-core/1.3/hamcrest-core-1.3.jar
7f1d20bfb000-7f1d20bfd000 r--s 0000c000 08:02 6699494                    /home/vinetechs/.m2/repository/org/objenesis/objenesis/2.6/objenesis-2.6.jar
7f1d20bfd000-7f1d20bff000 r--s 00009000 08:02 5378811                    /home/vinetechs/.m2/repository/net/bytebuddy/byte-buddy-agent/1.9.12/byte-buddy-agent-1.9.12.jar
7f1d20bff000-7f1d20c46000 r--s 002da000 08:02 4855102                    /home/vinetechs/.m2/repository/net/bytebuddy/byte-buddy/1.9.12/byte-buddy-1.9.12.jar
7f1d20c46000-7f1d20c56000 r--s 0007a000 08:02 6699491                    /home/vinetechs/.m2/repository/org/mockito/mockito-core/2.23.4/mockito-core-2.23.4.jar
7f1d20c56000-7f1d20cb1000 r--s 0038b000 08:02 6699487                    /home/vinetechs/.m2/repository/org/assertj/assertj-core/3.11.1/assertj-core-3.11.1.jar
7f1d20cb1000-7f1d20cb9000 r--s 00045000 08:02 6699485                    /home/vinetechs/.m2/repository/junit/junit/4.12/junit-4.12.jar
7f1d20cb9000-7f1d20cbb000 r--s 00006000 08:02 5248078                    /home/vinetechs/.m2/repository/net/minidev/accessors-smart/1.2/accessors-smart-1.2.jar
7f1d20cbb000-7f1d20cbe000 r--s 0001b000 08:02 4729972                    /home/vinetechs/.m2/repository/net/minidev/json-smart/2.3/json-smart-2.3.jar
7f1d20cbe000-7f1d20cc4000 r--s 00031000 08:02 6699479                    /home/vinetechs/.m2/repository/com/jayway/jsonpath/json-path/2.4.0/json-path-2.4.0.jar
7f1d20cc4000-7f1d20ccb000 r--s 00024000 08:02 6301574                    /home/vinetechs/.m2/repository/org/springframework/boot/spring-boot-test-autoconfigure/2.1.4.RELEASE/spring-boot-test-autoconfigure-2.1.4.RELEASE.jar
7f1d20ccb000-7f1d20cd1000 r--s 0002b000 08:02 6301572                    /home/vinetechs/.m2/repository/org/springframework/boot/spring-boot-test/2.1.4.RELEASE/spring-boot-test-2.1.4.RELEASE.jar
7f1d20cd1000-7f1d20cd2000 r--s 00000000 08:02 5512189                    /home/vinetechs/.m2/repository/org/springframework/boot/spring-boot-starter-test/2.1.4.RELEASE/spring-boot-starter-test-2.1.4.RELEASE.jar
7f1d20cd2000-7f1d20cd3000 r--s 0041e000 08:02 7350867                    /home/vinetechs/.m2/repository/io/springfox/springfox-swagger-ui/2.8.0/springfox-swagger-ui-2.8.0.jar
7f1d20cd3000-7f1d20cd5000 r--s 00004000 08:02 7350865                    /home/vinetechs/.m2/repository/org/mapstruct/mapstruct/1.2.0.Final/mapstruct-1.2.0.Final.jar
7f1d20cd5000-7f1d20cd7000 r--s 00000000 08:02 7350863                    /home/vinetechs/.m2/repository/org/springframework/plugin/spring-plugin-metadata/1.2.0.RELEASE/spring-plugin-metadata-1.2.0.RELEASE.jar
7f1d20cd7000-7f1d20cd8000 r--s 00004000 08:02 5512175                    /home/vinetechs/.m2/repository/org/springframework/plugin/spring-plugin-core/1.2.0.RELEASE/spring-plugin-core-1.2.0.RELEASE.jar
7f1d20cd8000-7f1d20cda000 r--s 00009000 08:02 5248066                    /home/vinetechs/.m2/repository/org/slf4j/slf4j-api/1.7.26/slf4j-api-1.7.26.jar
7f1d20cda000-7f1d20cdc000 r--s 0000f000 08:02 3555310                    /home/vinetechs/.m2/repository/com/fasterxml/classmate/1.4.0/classmate-1.4.0.jar
7f1d20cdc000-7f1d20d0b000 r--s 00226000 08:02 7350861                    /home/vinetechs/.m2/repository/com/google/guava/guava/20.0/guava-20.0.jar
7f1d20d0b000-7f1d20d15000 r--s 000aa000 08:02 7352992                    /home/vinetechs/.m2/repository/org/javassist/javassist/3.21.0-GA/javassist-3.21.0-GA.jar
7f1d20d15000-7f1d20d18000 r--s 0001d000 08:02 7350859                    /home/vinetechs/.m2/repository/org/reflections/reflections/0.9.11/reflections-0.9.11.jar
7f1d20d18000-7f1d20d1d000 r--s 00027000 08:02 7350857                    /home/vinetechs/.m2/repository/io/springfox/springfox-spring-web/2.8.0/springfox-spring-web-2.8.0.jar
7f1d20d1d000-7f1d20d20000 r--s 00015000 08:02 7350855                    /home/vinetechs/.m2/repository/io/springfox/springfox-swagger-common/2.8.0/springfox-swagger-common-2.8.0.jar
7f1d20d20000-7f1d20d23000 r--s 00011000 08:02 7350853                    /home/vinetechs/.m2/repository/io/springfox/springfox-schema/2.8.0/springfox-schema-2.8.0.jar
7f1d20d23000-7f1d20d27000 r--s 00018000 08:02 7086890                    /home/vinetechs/.m2/repository/io/springfox/springfox-core/2.8.0/springfox-core-2.8.0.jar
7f1d20d27000-7f1d20d2a000 r--s 0000a000 08:02 6836228                    /home/vinetechs/.m2/repository/io/springfox/springfox-spi/2.8.0/springfox-spi-2.8.0.jar
7f1d20d2a000-7f1d20d2e000 r--s 00020000 08:02 6563110                    /home/vinetechs/.m2/repository/io/swagger/swagger-models/1.5.14/swagger-models-1.5.14.jar
7f1d20d2e000-7f1d20d30000 r--s 00004000 08:02 6037639                    /home/vinetechs/.m2/repository/io/swagger/swagger-annotations/1.5.14/swagger-annotations-1.5.14.jar
7f1d20d30000-7f1d20d32000 r--s 0000e000 08:02 5645539                    /home/vinetechs/.m2/repository/io/springfox/springfox-swagger2/2.8.0/springfox-swagger2-2.8.0.jar
7f1d20d32000-7f1d20d49000 r--s 0018d000 08:02 6301570                    /home/vinetechs/.m2/repository/org/projectlombok/lombok/1.18.6/lombok-1.18.6.jar
7f1d20d49000-7f1d20d6d000 r--s 00111000 08:02 5116600                    /home/vinetechs/.m2/repository/org/springframework/boot/spring-boot-autoconfigure/2.1.4.RELEASE/spring-boot-autoconfigure-2.1.4.RELEASE.jar
7f1d20d6d000-7f1d20d82000 r--s 000d4000 08:02 5116596                    /home/vinetechs/.m2/repository/org/springframework/boot/spring-boot/2.1.4.RELEASE/spring-boot-2.1.4.RELEASE.jar
7f1d20d82000-7f1d20d88000 r--s 0002e000 08:02 7350171                    /home/vinetechs/.m2/repository/org/springframework/boot/spring-boot-devtools/2.1.4.RELEASE/spring-boot-devtools-2.1.4.RELEASE.jar
7f1d20d88000-7f1d20d89000 r--s 00003000 08:02 7350923                    /home/vinetechs/.m2/repository/io/github/openfeign/feign-hystrix/10.1.0/feign-hystrix-10.1.0.jar
7f1d20d89000-7f1d20d8a000 r--s 00000000 08:02 7350921                    /home/vinetechs/.m2/repository/io/github/openfeign/feign-slf4j/10.1.0/feign-slf4j-10.1.0.jar
7f1d20d8a000-7f1d20d8d000 r--s 0001e000 08:02 7350919                    /home/vinetechs/.m2/repository/io/github/openfeign/feign-core/10.1.0/feign-core-10.1.0.jar
7f1d20d8d000-7f1d20d8f000 r--s 00010000 08:02 4598905                    /home/vinetechs/.m2/repository/org/springframework/security/spring-security-crypto/5.1.5.RELEASE/spring-security-crypto-5.1.5.RELEASE.jar
7f1d20d8f000-7f1d20d95000 r--s 0001f000 08:02 7350297                    /home/vinetechs/.m2/repository/org/springframework/cloud/spring-cloud-commons/2.1.1.RELEASE/spring-cloud-commons-2.1.1.RELEASE.jar
7f1d20d95000-7f1d20d99000 r--s 00027000 08:02 7349494                    /home/vinetechs/.m2/repository/commons-io/commons-io/2.2/commons-io-2.2.jar
7f1d20d99000-7f1d20d9c000 r--s 0000f000 08:02 7350915                    /home/vinetechs/.m2/repository/commons-fileupload/commons-fileupload/1.3.3/commons-fileupload-1.3.3.jar
7f1d20d9c000-7f1d20d9d000 r--s 00006000 08:02 7350913                    /home/vinetechs/.m2/repository/io/github/openfeign/form/feign-form/3.5.0/feign-form-3.5.0.jar
7f1d20d9d000-7f1d20d9f000 r--s 00002000 08:02 7350911                    /home/vinetechs/.m2/repository/io/github/openfeign/form/feign-form-spring/3.5.0/feign-form-spring-3.5.0.jar
7f1d20d9f000-7f1d20da3000 r--s 00019000 08:02 7350909                    /home/vinetechs/.m2/repository/org/springframework/cloud/spring-cloud-openfeign-core/2.1.1.RELEASE/spring-cloud-openfeign-core-2.1.1.RELEASE.jar
7f1d20da3000-7f1d20da4000 r--s 00000000 08:02 7350907                    /home/vinetechs/.m2/repository/org/springframework/cloud/spring-cloud-starter-openfeign/2.1.1.RELEASE/spring-cloud-starter-openfeign-2.1.1.RELEASE.jar
7f1d20da4000-7f1d20da6000 r--s 00005000 08:02 5908003                    /home/vinetechs/.m2/repository/xpp3/xpp3_min/1.1.4c/xpp3_min-1.1.4c.jar
7f1d20da6000-7f1d20da7000 r--s 00001000 08:02 5908001                    /home/vinetechs/.m2/repository/xmlpull/xmlpull/1.1.3.1/xmlpull-1.1.3.1.jar
7f1d20da7000-7f1d20db5000 r--s 00082000 08:02 7350127                    /home/vinetechs/.m2/repository/com/thoughtworks/xstream/xstream/1.4.10/xstream-1.4.10.jar
7f1d20db5000-7f1d20db7000 r--s 00003000 08:02 7350124                    /home/vinetechs/.m2/repository/com/netflix/ribbon/ribbon-eureka/2.3.0/ribbon-eureka-2.3.0.jar
7f1d20db7000-7f1d20db9000 r--s 00002000 08:02 6168826                    /home/vinetechs/.m2/repository/com/netflix/netflix-commons/netflix-statistics/0.1.1/netflix-statistics-0.1.1.jar
7f1d20db9000-7f1d20dbd000 r--s 00024000 08:02 6956257                    /home/vinetechs/.m2/repository/com/netflix/ribbon/ribbon-loadbalancer/2.3.0/ribbon-loadbalancer-2.3.0.jar
7f1d20dbd000-7f1d20dbf000 r--s 00001000 08:02 7086865                    /home/vinetechs/.m2/repository/com/netflix/netflix-commons/netflix-commons-util/0.3.0/netflix-commons-util-0.3.0.jar
7f1d20dbf000-7f1d20dcc000 r--s 00083000 08:02 6301566                    /home/vinetechs/.m2/repository/commons-collections/commons-collections/3.2.2/commons-collections-3.2.2.jar
7f1d20dcc000-7f1d20dce000 r--s 0000c000 08:02 7350121                    /home/vinetechs/.m2/repository/com/netflix/ribbon/ribbon-httpclient/2.3.0/ribbon-httpclient-2.3.0.jar
7f1d20dce000-7f1d20dd2000 r--s 00011000 08:02 6699516                    /home/vinetechs/.m2/repository/com/netflix/ribbon/ribbon-core/2.3.0/ribbon-core-2.3.0.jar
7f1d20dd2000-7f1d20ddc000 r--s 00059000 08:02 5512187                    /home/vinetechs/.m2/repository/io/reactivex/rxnetty/0.4.9/rxnetty-0.4.9.jar
7f1d20ddc000-7f1d20dde000 r--s 00006000 08:02 6168812                    /home/vinetechs/.m2/repository/io/reactivex/rxnetty-servo/0.4.9/rxnetty-servo-0.4.9.jar
7f1d20dde000-7f1d20de1000 r--s 0000b000 08:02 6168810                    /home/vinetechs/.m2/repository/io/reactivex/rxnetty-contexts/0.4.9/rxnetty-contexts-0.4.9.jar
7f1d20de1000-7f1d20de2000 r--s 00009000 08:02 6836202                    /home/vinetechs/.m2/repository/com/netflix/ribbon/ribbon-transport/2.3.0/ribbon-transport-2.3.0.jar
7f1d20de2000-7f1d20de6000 r--s 00012000 08:02 6037621                    /home/vinetechs/.m2/repository/com/netflix/ribbon/ribbon/2.3.0/ribbon-2.3.0.jar
7f1d20de6000-7f1d20de7000 r--s 00000000 08:02 6301598                    /home/vinetechs/.m2/repository/org/springframework/cloud/spring-cloud-starter-netflix-ribbon/2.1.1.RELEASE/spring-cloud-starter-netflix-ribbon-2.1.1.RELEASE.jar
7f1d20de7000-7f1d20deb000 r--s 00024000 08:02 6168800                    /home/vinetechs/.m2/repository/org/codehaus/woodstox/stax2-api/3.1.4/stax2-api-3.1.4.jar
7f1d20deb000-7f1d20ded000 r--s 00004000 08:02 6168798                    /home/vinetechs/.m2/repository/javax/xml/stream/stax-api/1.0-2/stax-api-1.0-2.jar
7f1d20ded000-7f1d20df3000 r--s 00071000 08:02 6168793                    /home/vinetechs/.m2/repository/org/codehaus/woodstox/woodstox-core-asl/4.4.1/woodstox-core-asl-4.4.1.jar
7f1d20df3000-7f1d20df8000 r--s 0003a000 08:02 5777197                    /home/vinetechs/.m2/repository/com/netflix/eureka/eureka-core/1.9.8/eureka-core-1.9.8.jar
7f1d20df8000-7f1d20dfd000 r--s 00024000 08:02 7350118                    /home/vinetechs/.m2/repository/com/github/andrewoma/dexx/dexx-collections/0.2/dexx-collections-0.2.jar
7f1d20dfd000-7f1d20dfe000 r--s 00004000 08:02 7350116                    /home/vinetechs/.m2/repository/com/github/vlsi/compactmap/compactmap/1.2.1/compactmap-1.2.1.jar
7f1d20dfe000-7f1d20e00000 r--s 00000000 08:02 6168791                    /home/vinetechs/.m2/repository/aopalliance/aopalliance/1.0/aopalliance-1.0.jar
7f1d20e00000-7f1d20e01000 r--s 00000000 08:02 6168789                    /home/vinetechs/.m2/repository/javax/inject/javax.inject/1/javax.inject-1.jar
7f1d20e01000-7f1d20e0f000 r--s 00097000 08:02 6168787                    /home/vinetechs/.m2/repository/com/google/inject/guice/4.1.0/guice-4.1.0.jar
7f1d20e0f000-7f1d20e16000 r--s 0004b000 08:02 5645513                    /home/vinetechs/.m2/repository/commons-codec/commons-codec/1.11/commons-codec-1.11.jar
7f1d20e16000-7f1d20e1d000 r--s 00049000 08:02 5645511                    /home/vinetechs/.m2/repository/org/apache/httpcomponents/httpcore/4.4.11/httpcore-4.4.11.jar
7f1d20e1d000-7f1d20e2a000 r--s 000b0000 08:02 5116617                    /home/vinetechs/.m2/repository/org/apache/httpcomponents/httpclient/4.5.8/httpclient-4.5.8.jar
7f1d20e2a000-7f1d20e2c000 r--s 00003000 08:02 6168785                    /home/vinetechs/.m2/repository/com/sun/jersey/contribs/jersey-apache-client4/1.19.1/jersey-apache-client4-1.19.1.jar
7f1d20e2c000-7f1d20e2f000 r--s 0001e000 08:02 6037599                    /home/vinetechs/.m2/repository/com/sun/jersey/jersey-client/1.19.1/jersey-client-1.19.1.jar
7f1d20e2f000-7f1d20e39000 r--s 00061000 08:02 6037597                    /home/vinetechs/.m2/repository/com/sun/jersey/jersey-core/1.19.1/jersey-core-1.19.1.jar
7f1d20e39000-7f1d20e3e000 r--s 00033000 08:02 7350107                    /home/vinetechs/.m2/repository/com/netflix/servo/servo-core/0.12.21/servo-core-0.12.21.jar
7f1d20e3e000-7f1d20e40000 r--s 0000a000 08:02 6037591                    /home/vinetechs/.m2/repository/javax/ws/rs/jsr311-api/1.1.1/jsr311-api-1.1.1.jar
7f1d20e40000-7f1d20e53000 r--s 000df000 08:02 5907993                    /home/vinetechs/.m2/repository/org/apache/commons/commons-math/2.2/commons-math-2.2.jar
7f1d20e53000-7f1d20e58000 r--s 00036000 08:02 5777179                    /home/vinetechs/.m2/repository/com/google/code/gson/gson/2.8.5/gson-2.8.5.jar
7f1d20e58000-7f1d20e5d000 r--s 00068000 08:02 5777177                    /home/vinetechs/.m2/repository/antlr/antlr/2.7.7/antlr-2.7.7.jar
7f1d20e5d000-7f1d20e60000 r--s 00022000 08:02 5777175                    /home/vinetechs/.m2/repository/org/antlr/stringtemplate/3.2.1/stringtemplate-3.2.1.jar
7f1d20e60000-7f1d20e64000 r--s 00025000 08:02 5777173                    /home/vinetechs/.m2/repository/org/antlr/antlr-runtime/3.4/antlr-runtime-3.4.jar
7f1d20e64000-7f1d20e75000 r--s 0008c000 08:02 5777171                    /home/vinetechs/.m2/repository/joda-time/joda-time/2.10.1/joda-time-2.10.1.jar
7f1d20e75000-7f1d20e7b000 r--s 00044000 08:02 5777169                    /home/vinetechs/.m2/repository/commons-jxpath/commons-jxpath/1.3/commons-jxpath-1.3.jar
7f1d20e7b000-7f1d20e7e000 r--s 00016000 08:02 5645509                    /home/vinetechs/.m2/repository/com/netflix/netflix-commons/netflix-infix/0.3.0/netflix-infix-0.3.0.jar
7f1d20e7e000-7f1d20e80000 r--s 0000f000 08:02 5645507                    /home/vinetechs/.m2/repository/com/netflix/netflix-commons/netflix-eventbus/0.3.0/netflix-eventbus-0.3.0.jar
7f1d20e80000-7f1d20e82000 r--s 00005000 08:02 5645505                    /home/vinetechs/.m2/repository/stax/stax-api/1.0.1/stax-api-1.0.1.jar
7f1d20e82000-7f1d20e85000 r--s 00012000 08:02 5645503                    /home/vinetechs/.m2/repository/org/codehaus/jettison/jettison/1.3.7/jettison-1.3.7.jar
7f1d20e85000-7f1d20e8f000 r--s 00062000 08:02 7350099                    /home/vinetechs/.m2/repository/com/netflix/eureka/eureka-client/1.9.8/eureka-client-1.9.8.jar
7f1d20e8f000-7f1d20e93000 r--s 00015000 08:02 7350313                    /home/vinetechs/.m2/repository/org/springframework/cloud/spring-cloud-netflix-eureka-client/2.1.1.RELEASE/spring-cloud-netflix-eureka-client-2.1.1.RELEASE.jar
7f1d20e93000-7f1d20e94000 r--s 00000000 08:02 4598993                    /home/vinetechs/.m2/repository/org/springframework/cloud/spring-cloud-starter-netflix-eureka-client/2.1.1.RELEASE/spring-cloud-starter-netflix-eureka-client-2.1.1.RELEASE.jar
7f1d20e94000-7f1d20e95000 r--s 00000000 08:02 7350150                    /home/vinetechs/.m2/repository/org/reactivestreams/reactive-streams/1.0.2/reactive-streams-1.0.2.jar
7f1d20e95000-7f1d20e97000 r--s 00003000 08:02 7350147                    /home/vinetechs/.m2/repository/io/reactivex/rxjava-reactive-streams/1.2.1/rxjava-reactive-streams-1.2.1.jar
7f1d20e97000-7f1d20eb0000 r--s 001de000 08:02 7350095                    /home/vinetechs/.m2/repository/org/aspectj/aspectjweaver/1.9.2/aspectjweaver-1.9.2.jar
7f1d20eb0000-7f1d20eb2000 r--s 0000c000 08:02 6699482                    /home/vinetechs/.m2/repository/org/ow2/asm/asm/5.0.4/asm-5.0.4.jar
7f1d20eb2000-7f1d20eba000 r--s 00073000 08:02 7350145                    /home/vinetechs/.m2/repository/org/apache/commons/commons-lang3/3.8.1/commons-lang3-3.8.1.jar
7f1d20eba000-7f1d20ec0000 r--s 00025000 08:02 7350143                    /home/vinetechs/.m2/repository/com/netflix/hystrix/hystrix-javanica/1.5.18/hystrix-javanica-1.5.18.jar
7f1d20ec0000-7f1d20ec2000 r--s 0000c000 08:02 7350139                    /home/vinetechs/.m2/repository/com/netflix/hystrix/hystrix-metrics-event-stream/1.5.18/hystrix-metrics-event-stream-1.5.18.jar
7f1d20ec2000-7f1d20ec5000 r--s 0000e000 08:02 5248074                    /home/vinetechs/.m2/repository/com/fasterxml/jackson/core/jackson-annotations/2.9.0/jackson-annotations-2.9.0.jar
7f1d20ec5000-7f1d20ec9000 r--s 0004c000 08:02 5248076                    /home/vinetechs/.m2/repository/com/fasterxml/jackson/core/jackson-core/2.9.8/jackson-core-2.9.8.jar
7f1d20ec9000-7f1d20ecc000 r--s 00021000 08:02 5512208                    /home/vinetechs/.m2/repository/com/fasterxml/jackson/module/jackson-module-afterburner/2.9.8/jackson-module-afterburner-2.9.8.jar
7f1d20ecc000-7f1d20ece000 r--s 00007000 08:02 7350137                    /home/vinetechs/.m2/repository/com/netflix/hystrix/hystrix-serialization/1.5.18/hystrix-serialization-1.5.18.jar
7f1d20ece000-7f1d20ee7000 r--s 00102000 08:02 5378809                    /home/vinetechs/.m2/repository/io/reactivex/rxjava/1.3.8/rxjava-1.3.8.jar
7f1d20ee7000-7f1d20ef4000 r--s 00066000 08:02 7216123                    /home/vinetechs/.m2/repository/com/netflix/hystrix/hystrix-core/1.5.18/hystrix-core-1.5.18.jar
7f1d20ef4000-7f1d20ef9000 r--s 00041000 08:02 5907997                    /home/vinetechs/.m2/repository/commons-lang/commons-lang/2.6/commons-lang-2.6.jar
7f1d20ef9000-7f1d20f00000 r--s 00050000 08:02 5907995                    /home/vinetechs/.m2/repository/commons-configuration/commons-configuration/1.8/commons-configuration-1.8.jar
7f1d20f00000-7f1d20f02000 r--s 00003000 08:02 4985308                    /home/vinetechs/.m2/repository/com/google/code/findbugs/jsr305/3.0.1/jsr305-3.0.1.jar
7f1d20f02000-7f1d20f06000 r--s 0001f000 08:02 7350103                    /home/vinetechs/.m2/repository/com/netflix/archaius/archaius-core/0.7.6/archaius-core-0.7.6.jar
7f1d20f06000-7f1d20f07000 r--s 00000000 08:02 6301596                    /home/vinetechs/.m2/repository/org/springframework/cloud/spring-cloud-starter-netflix-archaius/2.1.1.RELEASE/spring-cloud-starter-netflix-archaius-2.1.1.RELEASE.jar
7f1d20f07000-7f1d20f08000 r--s 00003000 08:02 7350319                    /home/vinetechs/.m2/repository/org/springframework/cloud/spring-cloud-netflix-archaius/2.1.1.RELEASE/spring-cloud-netflix-archaius-2.1.1.RELEASE.jar
7f1d20f08000-7f1d20f0c000 r--s 00017000 08:02 7350316                    /home/vinetechs/.m2/repository/org/springframework/cloud/spring-cloud-netflix-ribbon/2.1.1.RELEASE/spring-cloud-netflix-ribbon-2.1.1.RELEASE.jar
7f1d20f0c000-7f1d20f0d000 r--s 00000000 08:02 7350310                    /home/vinetechs/.m2/repository/org/springframework/boot/spring-boot-starter-aop/2.1.4.RELEASE/spring-boot-starter-aop-2.1.4.RELEASE.jar
7f1d20f0d000-7f1d20f10000 r--s 00005000 08:02 7350308                    /home/vinetechs/.m2/repository/org/springframework/cloud/spring-cloud-netflix-hystrix/2.1.1.RELEASE/spring-cloud-netflix-hystrix-2.1.1.RELEASE.jar
7f1d20f10000-7f1d20f68000 r--s 003a7000 08:02 7350091                    /home/vinetechs/.m2/repository/org/bouncycastle/bcprov-jdk15on/1.60/bcprov-jdk15on-1.60.jar
7f1d20f68000-7f1d20f7b000 r--s 000b0000 08:02 7350088                    /home/vinetechs/.m2/repository/org/bouncycastle/bcpkix-jdk15on/1.60/bcpkix-jdk15on-1.60.jar
7f1d20f7b000-7f1d20f7c000 r--s 00004000 08:02 7349991                    /home/vinetechs/.m2/repository/org/springframework/security/spring-security-rsa/1.0.7.RELEASE/spring-security-rsa-1.0.7.RELEASE.jar
7f1d20f7c000-7f1d20f7f000 r--s 00019000 08:02 7350294                    /home/vinetechs/.m2/repository/org/springframework/cloud/spring-cloud-context/2.1.1.RELEASE/spring-cloud-context-2.1.1.RELEASE.jar
7f1d20f7f000-7f1d20f80000 r--s 00000000 08:02 7350292                    /home/vinetechs/.m2/repository/org/springframework/cloud/spring-cloud-starter/2.1.1.RELEASE/spring-cloud-starter-2.1.1.RELEASE.jar
7f1d20f80000-7f1d20f81000 r--s 00000000 08:02 7352972                    /home/vinetechs/.m2/repository/org/springframework/cloud/spring-cloud-starter-netflix-hystrix/2.1.1.RELEASE/spring-cloud-starter-netflix-hystrix-2.1.1.RELEASE.jar
7f1d20f81000-7f1d20f86000 r--s 00040000 08:02 5116615                    /home/vinetechs/.m2/repository/org/springframework/spring-expression/5.1.6.RELEASE/spring-expression-5.1.6.RELEASE.jar
7f1d20f86000-7f1d20f90000 r--s 00051000 08:02 5116611                    /home/vinetechs/.m2/repository/org/springframework/spring-aop/5.1.6.RELEASE/spring-aop-5.1.6.RELEASE.jar
7f1d20f90000-7f1d20f9f000 r--s 000b5000 08:02 5512182                    /home/vinetechs/.m2/repository/org/springframework/spring-webmvc/5.1.6.RELEASE/spring-webmvc-5.1.6.RELEASE.jar
7f1d20f9f000-7f1d20fac000 r--s 00098000 08:02 5116613                    /home/vinetechs/.m2/repository/org/springframework/spring-beans/5.1.6.RELEASE/spring-beans-5.1.6.RELEASE.jar
7f1d20fac000-7f1d20fc8000 r--s 00137000 08:02 5378807                    /home/vinetechs/.m2/repository/org/springframework/spring-web/5.1.6.RELEASE/spring-web-5.1.6.RELEASE.jar
7f1d20fc8000-7f1d20fca000 r--s 0000f000 08:02 5512177                    /home/vinetechs/.m2/repository/org/jboss/logging/jboss-logging/3.3.2.Final/jboss-logging-3.3.2.Final.jar
7f1d20fca000-7f1d20fcf000 r--s 00012000 08:02 5378805                    /home/vinetechs/.m2/repository/javax/validation/validation-api/2.0.1.Final/validation-api-2.0.1.Final.jar
7f1d20fcf000-7f1d20fec000 r--s 000fe000 08:02 5378801                    /home/vinetechs/.m2/repository/org/hibernate/validator/hibernate-validator/6.0.16.Final/hibernate-validator-6.0.16.Final.jar
7f1d20fec000-7f1d20ff1000 r--s 0003c000 08:02 5378797                    /home/vinetechs/.m2/repository/org/apache/tomcat/embed/tomcat-embed-websocket/9.0.17/tomcat-embed-websocket-9.0.17.jar
7f1d20ff1000-7f1d20ff6000 r--s 00039000 08:02 5378793                    /home/vinetechs/.m2/repository/org/apache/tomcat/embed/tomcat-embed-el/9.0.17/tomcat-embed-el-9.0.17.jar
7f1d20ff6000-7f1d21020000 r--s 002f9000 08:02 5248070                    /home/vinetechs/.m2/repository/org/apache/tomcat/embed/tomcat-embed-core/9.0.17/tomcat-embed-core-9.0.17.jar
7f1d21020000-7f1d21021000 r--s 00000000 08:02 5378789                    /home/vinetechs/.m2/repository/org/springframework/boot/spring-boot-starter-tomcat/2.1.4.RELEASE/spring-boot-starter-tomcat-2.1.4.RELEASE.jar
7f1d21021000-7f1d21023000 r--s 00001000 08:02 5378785                    /home/vinetechs/.m2/repository/com/fasterxml/jackson/module/jackson-module-parameter-names/2.9.8/jackson-module-parameter-names-2.9.8.jar
7f1d21023000-7f1d21025000 r--s 00007000 08:02 5378781                    /home/vinetechs/.m2/repository/com/fasterxml/jackson/datatype/jackson-datatype-jdk8/2.9.8/jackson-datatype-jdk8-2.9.8.jar
7f1d21025000-7f1d2102e000 r--s 0005f000 08:02 5248058                    /home/vinetechs/.m2/repository/io/micrometer/micrometer-core/1.1.4/micrometer-core-1.1.4.jar
7f1d2102e000-7f1d21048000 r--s 000f3000 08:02 5116608                    /home/vinetechs/.m2/repository/org/springframework/spring-context/5.1.6.RELEASE/spring-context-5.1.6.RELEASE.jar
7f1d21048000-7f1d2105a000 r--s 00137000 08:02 4598903                    /home/vinetechs/.m2/repository/com/fasterxml/jackson/core/jackson-databind/2.9.8/jackson-databind-2.9.8.jar
7f1d2105a000-7f1d2106a000 r--s 0006d000 08:02 5248050                    /home/vinetechs/.m2/repository/org/springframework/boot/spring-boot-actuator/2.1.4.RELEASE/spring-boot-actuator-2.1.4.RELEASE.jar
7f1d2106a000-7f1d21079000 r--s 0005d000 08:02 5248046                    /home/vinetechs/.m2/repository/org/springframework/boot/spring-boot-actuator-autoconfigure/2.1.4.RELEASE/spring-boot-actuator-autoconfigure-2.1.4.RELEASE.jar
7f1d21079000-7f1d21094000 r--s 00394000 08:02 2370733                    /usr/lib/jvm/java-8-openjdk-amd64/jre/lib/ext/cldrdata.jar
7f1d21094000-7f1d210a5000 r-xp 00000000 08:02 2370715                    /usr/lib/jvm/java-8-openjdk-amd64/jre/lib/amd64/libnio.so
7f1d210a5000-7f1d212a4000 ---p 00011000 08:02 2370715                    /usr/lib/jvm/java-8-openjdk-amd64/jre/lib/amd64/libnio.so
7f1d212a4000-7f1d212a5000 r--p 00010000 08:02 2370715                    /usr/lib/jvm/java-8-openjdk-amd64/jre/lib/amd64/libnio.so
7f1d212a5000-7f1d212a6000 rw-p 00011000 08:02 2370715                    /usr/lib/jvm/java-8-openjdk-amd64/jre/lib/amd64/libnio.so
7f1d212a6000-7f1d212d7000 rw-p 00000000 00:00 0 
7f1d212d7000-7f1d212ed000 r-xp 00000000 08:02 2370714                    /usr/lib/jvm/java-8-openjdk-amd64/jre/lib/amd64/libnet.so
7f1d212ed000-7f1d214ec000 ---p 00016000 08:02 2370714                    /usr/lib/jvm/java-8-openjdk-amd64/jre/lib/amd64/libnet.so
7f1d214ec000-7f1d214ed000 r--p 00015000 08:02 2370714                    /usr/lib/jvm/java-8-openjdk-amd64/jre/lib/amd64/libnet.so
7f1d214ed000-7f1d214ee000 rw-p 00016000 08:02 2370714                    /usr/lib/jvm/java-8-openjdk-amd64/jre/lib/amd64/libnet.so
7f1d214ee000-7f1d214f7000 r-xp 00000000 08:02 2370712                    /usr/lib/jvm/java-8-openjdk-amd64/jre/lib/amd64/libmanagement.so
7f1d214f7000-7f1d216f6000 ---p 00009000 08:02 2370712                    /usr/lib/jvm/java-8-openjdk-amd64/jre/lib/amd64/libmanagement.so
7f1d216f6000-7f1d216f7000 r--p 00008000 08:02 2370712                    /usr/lib/jvm/java-8-openjdk-amd64/jre/lib/amd64/libmanagement.so
7f1d216f7000-7f1d216f8000 rw-p 00009000 08:02 2370712                    /usr/lib/jvm/java-8-openjdk-amd64/jre/lib/amd64/libmanagement.so
7f1d216f8000-7f1d216fb000 ---p 00000000 00:00 0 
7f1d216fb000-7f1d217f9000 rw-p 00000000 00:00 0 
7f1d217f9000-7f1d217fa000 ---p 00000000 00:00 0 
7f1d217fa000-7f1d217fd000 ---p 00000000 00:00 0 
7f1d217fd000-7f1d218fa000 rw-p 00000000 00:00 0 
7f1d218fa000-7f1d218fb000 ---p 00000000 00:00 0 
7f1d218fb000-7f1d218fe000 ---p 00000000 00:00 0 
7f1d218fe000-7f1d219fb000 rw-p 00000000 00:00 0 
7f1d219fb000-7f1d219fc000 ---p 00000000 00:00 0 
7f1d219fc000-7f1d219ff000 ---p 00000000 00:00 0 
7f1d219ff000-7f1d21afc000 rw-p 00000000 00:00 0 
7f1d21afc000-7f1d21aff000 ---p 00000000 00:00 0 
7f1d21aff000-7f1d21bfd000 rw-p 00000000 00:00 0 
7f1d21bfd000-7f1d225cd000 r--p 00000000 08:02 2235077                    /usr/lib/locale/locale-archive
7f1d225cd000-7f1d225d0000 ---p 00000000 00:00 0 
7f1d225d0000-7f1d226ce000 rw-p 00000000 00:00 0 
7f1d226ce000-7f1d226d1000 ---p 00000000 00:00 0 
7f1d226d1000-7f1d227cf000 rw-p 00000000 00:00 0 
7f1d227cf000-7f1d227d0000 ---p 00000000 00:00 0 
7f1d227d0000-7f1d24000000 rw-p 00000000 00:00 0 
7f1d24000000-7f1d24021000 rw-p 00000000 00:00 0 
7f1d24021000-7f1d28000000 ---p 00000000 00:00 0 
7f1d28000000-7f1d28021000 rw-p 00000000 00:00 0 
7f1d28021000-7f1d2c000000 ---p 00000000 00:00 0 
7f1d2c000000-7f1d2c021000 rw-p 00000000 00:00 0 
7f1d2c021000-7f1d30000000 ---p 00000000 00:00 0 
7f1d30000000-7f1d30001000 r--s 00000000 08:02 5378777                    /home/vinetechs/.m2/repository/org/springframework/boot/spring-boot-starter-json/2.1.4.RELEASE/spring-boot-starter-json-2.1.4.RELEASE.jar
7f1d30001000-7f1d30003000 r--s 00006000 08:02 5378765                    /home/vinetechs/.m2/repository/org/latencyutils/LatencyUtils/2.0.3/LatencyUtils-2.0.3.jar
7f1d30003000-7f1d3001e000 r--s 001d6000 08:02 2370738                    /usr/lib/jvm/java-8-openjdk-amd64/jre/lib/ext/nashorn.jar
7f1d3001e000-7f1d30081000 rw-p 00000000 00:00 0 
7f1d30081000-7f1d30250000 r--s 03c3b000 08:02 2370759                    /usr/lib/jvm/java-8-openjdk-amd64/jre/lib/rt.jar
7f1d30250000-7f1d34000000 rw-p 00000000 00:00 0 
7f1d34000000-7f1d34021000 rw-p 00000000 00:00 0 
7f1d34021000-7f1d38000000 ---p 00000000 00:00 0 
7f1d38000000-7f1d38001000 r--s 00000000 08:02 5378773                    /home/vinetechs/.m2/repository/org/springframework/boot/spring-boot-starter-web/2.1.4.RELEASE/spring-boot-starter-web-2.1.4.RELEASE.jar
7f1d38001000-7f1d38003000 r--s 0001a000 08:02 5248062                    /home/vinetechs/.m2/repository/org/hdrhistogram/HdrHistogram/2.1.9/HdrHistogram-2.1.9.jar
7f1d38003000-7f1d38006000 r--s 00016000 08:02 5248054                    /home/vinetechs/.m2/repository/com/fasterxml/jackson/datatype/jackson-datatype-jsr310/2.9.8/jackson-datatype-jsr310-2.9.8.jar
7f1d38006000-7f1d3800d000 r--s 00043000 08:02 5248042                    /home/vinetechs/.m2/repository/org/yaml/snakeyaml/1.23/snakeyaml-1.23.jar
7f1d3800d000-7f1d3800f000 r--s 00005000 08:02 5248038                    /home/vinetechs/.m2/repository/javax/annotation/javax.annotation-api/1.3.2/javax.annotation-api-1.3.2.jar
7f1d3800f000-7f1d38460000 rw-p 00000000 00:00 0 
7f1d38460000-7f1d38461000 ---p 00000000 00:00 0 
7f1d38461000-7f1d38561000 rw-p 00000000 00:00 0 
7f1d38561000-7f1d38562000 ---p 00000000 00:00 0 
7f1d38562000-7f1d38662000 rw-p 00000000 00:00 0 
7f1d38662000-7f1d38663000 ---p 00000000 00:00 0 
7f1d38663000-7f1d38763000 rw-p 00000000 00:00 0 
7f1d38763000-7f1d38764000 ---p 00000000 00:00 0 
7f1d38764000-7f1d3887c000 rw-p 00000000 00:00 0 
7f1d3887c000-7f1d38af6000 ---p 00000000 00:00 0 
7f1d38af6000-7f1d38b7b000 rw-p 00000000 00:00 0 
7f1d38b7b000-7f1d38c3f000 ---p 00000000 00:00 0 
7f1d38c3f000-7f1d38c5b000 rw-p 00000000 00:00 0 
7f1d38c5b000-7f1d39000000 ---p 00000000 00:00 0 
7f1d39000000-7f1d396c0000 rwxp 00000000 00:00 0 
7f1d396c0000-7f1d48000000 ---p 00000000 00:00 0 
7f1d48000000-7f1d49160000 rw-p 00000000 00:00 0 
7f1d49160000-7f1d4c000000 ---p 00000000 00:00 0 
7f1d4c000000-7f1d4c002000 r--s 00000000 08:02 5248034                    /home/vinetechs/.m2/repository/org/slf4j/jul-to-slf4j/1.7.26/jul-to-slf4j-1.7.26.jar
7f1d4c002000-7f1d4c008000 r--s 0003c000 08:02 5248030                    /home/vinetechs/.m2/repository/org/apache/logging/log4j/log4j-api/2.11.2/log4j-api-2.11.2.jar
7f1d4c008000-7f1d4c013000 r--s 00069000 08:02 5248020                    /home/vinetechs/.m2/repository/ch/qos/logback/logback-core/1.2.3/logback-core-1.2.3.jar
7f1d4c013000-7f1d4c079000 rw-p 00000000 00:00 0 
7f1d4c079000-7f1d4c2f3000 ---p 00000000 00:00 0 
7f1d4c2f3000-7f1d4c2fb000 r-xp 00000000 08:02 2370722                    /usr/lib/jvm/java-8-openjdk-amd64/jre/lib/amd64/libzip.so
7f1d4c2fb000-7f1d4c4fa000 ---p 00008000 08:02 2370722                    /usr/lib/jvm/java-8-openjdk-amd64/jre/lib/amd64/libzip.so
7f1d4c4fa000-7f1d4c4fb000 r--p 00007000 08:02 2370722                    /usr/lib/jvm/java-8-openjdk-amd64/jre/lib/amd64/libzip.so
7f1d4c4fb000-7f1d4c4fc000 rw-p 00008000 08:02 2370722                    /usr/lib/jvm/java-8-openjdk-amd64/jre/lib/amd64/libzip.so
7f1d4c4fc000-7f1d4c507000 r-xp 00000000 08:02 267184                     /lib/x86_64-linux-gnu/libnss_files-2.27.so
7f1d4c507000-7f1d4c706000 ---p 0000b000 08:02 267184                     /lib/x86_64-linux-gnu/libnss_files-2.27.so
7f1d4c706000-7f1d4c707000 r--p 0000a000 08:02 267184                     /lib/x86_64-linux-gnu/libnss_files-2.27.so
7f1d4c707000-7f1d4c708000 rw-p 0000b000 08:02 267184                     /lib/x86_64-linux-gnu/libnss_files-2.27.so
7f1d4c708000-7f1d4c70e000 rw-p 00000000 00:00 0 
7f1d4c70e000-7f1d4c725000 r-xp 00000000 08:02 267178                     /lib/x86_64-linux-gnu/libnsl-2.27.so
7f1d4c725000-7f1d4c924000 ---p 00017000 08:02 267178                     /lib/x86_64-linux-gnu/libnsl-2.27.so
7f1d4c924000-7f1d4c925000 r--p 00016000 08:02 267178                     /lib/x86_64-linux-gnu/libnsl-2.27.so
7f1d4c925000-7f1d4c926000 rw-p 00017000 08:02 267178                     /lib/x86_64-linux-gnu/libnsl-2.27.so
7f1d4c926000-7f1d4c928000 rw-p 00000000 00:00 0 
7f1d4c928000-7f1d4c933000 r-xp 00000000 08:02 267195                     /lib/x86_64-linux-gnu/libnss_nis-2.27.so
7f1d4c933000-7f1d4cb32000 ---p 0000b000 08:02 267195                     /lib/x86_64-linux-gnu/libnss_nis-2.27.so
7f1d4cb32000-7f1d4cb33000 r--p 0000a000 08:02 267195                     /lib/x86_64-linux-gnu/libnss_nis-2.27.so
7f1d4cb33000-7f1d4cb34000 rw-p 0000b000 08:02 267195                     /lib/x86_64-linux-gnu/libnss_nis-2.27.so
7f1d4cb34000-7f1d4cb3c000 r-xp 00000000 08:02 267180                     /lib/x86_64-linux-gnu/libnss_compat-2.27.so
7f1d4cb3c000-7f1d4cd3c000 ---p 00008000 08:02 267180                     /lib/x86_64-linux-gnu/libnss_compat-2.27.so
7f1d4cd3c000-7f1d4cd3d000 r--p 00008000 08:02 267180                     /lib/x86_64-linux-gnu/libnss_compat-2.27.so
7f1d4cd3d000-7f1d4cd3e000 rw-p 00009000 08:02 267180                     /lib/x86_64-linux-gnu/libnss_compat-2.27.so
7f1d4cd3e000-7f1d4cd6a000 r-xp 00000000 08:02 2370703                    /usr/lib/jvm/java-8-openjdk-amd64/jre/lib/amd64/libjava.so
7f1d4cd6a000-7f1d4cf69000 ---p 0002c000 08:02 2370703                    /usr/lib/jvm/java-8-openjdk-amd64/jre/lib/amd64/libjava.so
7f1d4cf69000-7f1d4cf6a000 r--p 0002b000 08:02 2370703                    /usr/lib/jvm/java-8-openjdk-amd64/jre/lib/amd64/libjava.so
7f1d4cf6a000-7f1d4cf6c000 rw-p 0002c000 08:02 2370703                    /usr/lib/jvm/java-8-openjdk-amd64/jre/lib/amd64/libjava.so
7f1d4cf6c000-7f1d4cf7c000 r-xp 00000000 08:02 2370721                    /usr/lib/jvm/java-8-openjdk-amd64/jre/lib/amd64/libverify.so
7f1d4cf7c000-7f1d4d17b000 ---p 00010000 08:02 2370721                    /usr/lib/jvm/java-8-openjdk-amd64/jre/lib/amd64/libverify.so
7f1d4d17b000-7f1d4d17d000 r--p 0000f000 08:02 2370721                    /usr/lib/jvm/java-8-openjdk-amd64/jre/lib/amd64/libverify.so
7f1d4d17d000-7f1d4d17e000 rw-p 00011000 08:02 2370721                    /usr/lib/jvm/java-8-openjdk-amd64/jre/lib/amd64/libverify.so
7f1d4d17e000-7f1d4d185000 r-xp 00000000 08:02 267235                     /lib/x86_64-linux-gnu/librt-2.27.so
7f1d4d185000-7f1d4d384000 ---p 00007000 08:02 267235                     /lib/x86_64-linux-gnu/librt-2.27.so
7f1d4d384000-7f1d4d385000 r--p 00006000 08:02 267235                     /lib/x86_64-linux-gnu/librt-2.27.so
7f1d4d385000-7f1d4d386000 rw-p 00007000 08:02 267235                     /lib/x86_64-linux-gnu/librt-2.27.so
7f1d4d386000-7f1d4d39d000 r-xp 00000000 08:02 262236                     /lib/x86_64-linux-gnu/libgcc_s.so.1
7f1d4d39d000-7f1d4d59c000 ---p 00017000 08:02 262236                     /lib/x86_64-linux-gnu/libgcc_s.so.1
7f1d4d59c000-7f1d4d59d000 r--p 00016000 08:02 262236                     /lib/x86_64-linux-gnu/libgcc_s.so.1
7f1d4d59d000-7f1d4d59e000 rw-p 00017000 08:02 262236                     /lib/x86_64-linux-gnu/libgcc_s.so.1
7f1d4d59e000-7f1d4d73b000 r-xp 00000000 08:02 267157                     /lib/x86_64-linux-gnu/libm-2.27.so
7f1d4d73b000-7f1d4d93a000 ---p 0019d000 08:02 267157                     /lib/x86_64-linux-gnu/libm-2.27.so
7f1d4d93a000-7f1d4d93b000 r--p 0019c000 08:02 267157                     /lib/x86_64-linux-gnu/libm-2.27.so
7f1d4d93b000-7f1d4d93c000 rw-p 0019d000 08:02 267157                     /lib/x86_64-linux-gnu/libm-2.27.so
7f1d4d93c000-7f1d4dab5000 r-xp 00000000 08:02 2232157                    /usr/lib/x86_64-linux-gnu/libstdc++.so.6.0.25
7f1d4dab5000-7f1d4dcb5000 ---p 00179000 08:02 2232157                    /usr/lib/x86_64-linux-gnu/libstdc++.so.6.0.25
7f1d4dcb5000-7f1d4dcbf000 r--p 00179000 08:02 2232157                    /usr/lib/x86_64-linux-gnu/libstdc++.so.6.0.25
7f1d4dcbf000-7f1d4dcc1000 rw-p 00183000 08:02 2232157                    /usr/lib/x86_64-linux-gnu/libstdc++.so.6.0.25
7f1d4dcc1000-7f1d4dcc5000 rw-p 00000000 00:00 0 
7f1d4dcc5000-7f1d4e962000 r-xp 00000000 08:02 2370724                    /usr/lib/jvm/java-8-openjdk-amd64/jre/lib/amd64/server/libjvm.so
7f1d4e962000-7f1d4eb61000 ---p 00c9d000 08:02 2370724                    /usr/lib/jvm/java-8-openjdk-amd64/jre/lib/amd64/server/libjvm.so
7f1d4eb61000-7f1d4ebf5000 r--p 00c9c000 08:02 2370724                    /usr/lib/jvm/java-8-openjdk-amd64/jre/lib/amd64/server/libjvm.so
7f1d4ebf5000-7f1d4ec1e000 rw-p 00d30000 08:02 2370724                    /usr/lib/jvm/java-8-openjdk-amd64/jre/lib/amd64/server/libjvm.so
7f1d4ec1e000-7f1d4ec4e000 rw-p 00000000 00:00 0 
7f1d4ec4e000-7f1d4ec68000 r-xp 00000000 08:02 267227                     /lib/x86_64-linux-gnu/libpthread-2.27.so
7f1d4ec68000-7f1d4ee67000 ---p 0001a000 08:02 267227                     /lib/x86_64-linux-gnu/libpthread-2.27.so
7f1d4ee67000-7f1d4ee68000 r--p 00019000 08:02 267227                     /lib/x86_64-linux-gnu/libpthread-2.27.so
7f1d4ee68000-7f1d4ee69000 rw-p 0001a000 08:02 267227                     /lib/x86_64-linux-gnu/libpthread-2.27.so
7f1d4ee69000-7f1d4ee6d000 rw-p 00000000 00:00 0 
7f1d4ee6d000-7f1d4ee70000 r-xp 00000000 08:02 267117                     /lib/x86_64-linux-gnu/libdl-2.27.so
7f1d4ee70000-7f1d4f06f000 ---p 00003000 08:02 267117                     /lib/x86_64-linux-gnu/libdl-2.27.so
7f1d4f06f000-7f1d4f070000 r--p 00002000 08:02 267117                     /lib/x86_64-linux-gnu/libdl-2.27.so
7f1d4f070000-7f1d4f071000 rw-p 00003000 08:02 267117                     /lib/x86_64-linux-gnu/libdl-2.27.so
7f1d4f071000-7f1d4f08d000 r-xp 00000000 08:02 267266                     /lib/x86_64-linux-gnu/libz.so.1.2.11
7f1d4f08d000-7f1d4f28c000 ---p 0001c000 08:02 267266                     /lib/x86_64-linux-gnu/libz.so.1.2.11
7f1d4f28c000-7f1d4f28d000 r--p 0001b000 08:02 267266                     /lib/x86_64-linux-gnu/libz.so.1.2.11
7f1d4f28d000-7f1d4f28e000 rw-p 0001c000 08:02 267266                     /lib/x86_64-linux-gnu/libz.so.1.2.11
7f1d4f28e000-7f1d4f475000 r-xp 00000000 08:02 267094                     /lib/x86_64-linux-gnu/libc-2.27.so
7f1d4f475000-7f1d4f675000 ---p 001e7000 08:02 267094                     /lib/x86_64-linux-gnu/libc-2.27.so
7f1d4f675000-7f1d4f679000 r--p 001e7000 08:02 267094                     /lib/x86_64-linux-gnu/libc-2.27.so
7f1d4f679000-7f1d4f67b000 rw-p 001eb000 08:02 267094                     /lib/x86_64-linux-gnu/libc-2.27.so
7f1d4f67b000-7f1d4f67f000 rw-p 00000000 00:00 0 
7f1d4f67f000-7f1d4f68d000 r-xp 00000000 08:02 2370689                    /usr/lib/jvm/java-8-openjdk-amd64/jre/lib/amd64/jli/libjli.so
7f1d4f68d000-7f1d4f88c000 ---p 0000e000 08:02 2370689                    /usr/lib/jvm/java-8-openjdk-amd64/jre/lib/amd64/jli/libjli.so
7f1d4f88c000-7f1d4f88d000 r--p 0000d000 08:02 2370689                    /usr/lib/jvm/java-8-openjdk-amd64/jre/lib/amd64/jli/libjli.so
7f1d4f88d000-7f1d4f88e000 rw-p 0000e000 08:02 2370689                    /usr/lib/jvm/java-8-openjdk-amd64/jre/lib/amd64/jli/libjli.so
7f1d4f88e000-7f1d4f8b5000 r-xp 00000000 08:02 267066                     /lib/x86_64-linux-gnu/ld-2.27.so
7f1d4f8b5000-7f1d4f8b7000 r--s 00003000 08:02 5248026                    /home/vinetechs/.m2/repository/org/apache/logging/log4j/log4j-to-slf4j/2.11.2/log4j-to-slf4j-2.11.2.jar
7f1d4f8b7000-7f1d4f8bd000 r--s 00041000 08:02 5248018                    /home/vinetechs/.m2/repository/ch/qos/logback/logback-classic/1.2.3/logback-classic-1.2.3.jar
7f1d4f8bd000-7f1d4f8be000 r--s 00000000 08:02 5116604                    /home/vinetechs/.m2/repository/org/springframework/boot/spring-boot-starter-logging/2.1.4.RELEASE/spring-boot-starter-logging-2.1.4.RELEASE.jar
7f1d4f8be000-7f1d4f8bf000 r--s 00000000 08:02 5116592                    /home/vinetechs/.m2/repository/org/springframework/boot/spring-boot-starter/2.1.4.RELEASE/spring-boot-starter-2.1.4.RELEASE.jar
7f1d4f8bf000-7f1d4f8c0000 r--s 00000000 08:02 2895300                    /home/vinetechs/.m2/repository/org/springframework/boot/spring-boot-starter-actuator/2.1.4.RELEASE/spring-boot-starter-actuator-2.1.4.RELEASE.jar
7f1d4f8c0000-7f1d4f8c1000 r--s 0000a000 08:02 2370736                    /usr/lib/jvm/java-8-openjdk-amd64/jre/lib/ext/jaccess.jar
7f1d4f8c1000-7f1d4f8c4000 r--s 00039000 08:02 2370741                    /usr/lib/jvm/java-8-openjdk-amd64/jre/lib/ext/sunpkcs11.jar
7f1d4f8c4000-7f1d4f8ce000 r--s 00116000 08:02 2370737                    /usr/lib/jvm/java-8-openjdk-amd64/jre/lib/ext/localedata.jar
7f1d4f8ce000-7f1d4f999000 rw-p 00000000 00:00 0 
7f1d4f999000-7f1d4f99a000 ---p 00000000 00:00 0 
7f1d4f99a000-7f1d4f99d000 ---p 00000000 00:00 0 
7f1d4f99d000-7f1d4fa9c000 rw-p 00000000 00:00 0 
7f1d4fa9c000-7f1d4fa9d000 r--s 00010000 08:02 2370742                    /usr/lib/jvm/java-8-openjdk-amd64/jre/lib/ext/zipfs.jar
7f1d4fa9d000-7f1d4fa9f000 r--s 00008000 08:02 2370739                    /usr/lib/jvm/java-8-openjdk-amd64/jre/lib/ext/sunec.jar
7f1d4fa9f000-7f1d4faa4000 r--s 0003c000 08:02 2370740                    /usr/lib/jvm/java-8-openjdk-amd64/jre/lib/ext/sunjce_provider.jar
7f1d4faa4000-7f1d4faa6000 r--s 00001000 08:02 2370734                    /usr/lib/jvm/java-8-openjdk-amd64/jre/lib/ext/dnsns.jar
7f1d4faa6000-7f1d4faa9000 r--s 0000f000 08:02 2370735                    /usr/lib/jvm/java-8-openjdk-amd64/jre/lib/ext/icedtea-sound.jar
7f1d4faa9000-7f1d4fab1000 rw-s 00000000 08:02 5512826                    /tmp/hsperfdata_vinetechs/28585
7f1d4fab1000-7f1d4fab2000 rw-p 00000000 00:00 0 
7f1d4fab2000-7f1d4fab3000 ---p 00000000 00:00 0 
7f1d4fab3000-7f1d4fab5000 rw-p 00000000 00:00 0 
7f1d4fab5000-7f1d4fab6000 r--p 00027000 08:02 267066                     /lib/x86_64-linux-gnu/ld-2.27.so
7f1d4fab6000-7f1d4fab7000 rw-p 00028000 08:02 267066                     /lib/x86_64-linux-gnu/ld-2.27.so
7f1d4fab7000-7f1d4fab8000 rw-p 00000000 00:00 0 
7fff32f5f000-7fff32f84000 rw-p 00000000 00:00 0                          [stack]
7fff32fcd000-7fff32fd0000 r--p 00000000 00:00 0                          [vvar]
7fff32fd0000-7fff32fd2000 r-xp 00000000 00:00 0                          [vdso]
ffffffffff600000-ffffffffff601000 r-xp 00000000 00:00 0                  [vsyscall]

VM Arguments:
jvm_args: -Dcom.sun.management.jmxremote -Dcom.sun.management.jmxremote.port=36813 -Dcom.sun.management.jmxremote.authenticate=false -Dcom.sun.management.jmxremote.ssl=false -Djava.rmi.server.hostname=localhost -Dspring.jmx.enabled=true -Dspring.application.admin.enabled=true -Djava.security.egd=file:/dev/./urandom -Xverify:none -XX:TieredStopAtLevel=1 -Dfile.encoding=UTF-8 
java_command: com.maf.crazyhotels.app.CrazyHotelsServiceApplication --spring.output.ansi.enabled=always
java_class_path (initial): /home/vinetechs/Documents/workspace-spring-tool-suite-4-4.2.1.RELEASE/crazy-hotels-service/target/classes:/home/vinetechs/Documents/workspace-spring-tool-suite-4-4.2.1.RELEASE/available-hotels-service/target/classes:/home/vinetechs/Documents/workspace-spring-tool-suite-4-4.2.1.RELEASE/available-hotels-service/target/test-classes:/home/vinetechs/.m2/repository/org/springframework/boot/spring-boot-starter-actuator/2.1.4.RELEASE/spring-boot-starter-actuator-2.1.4.RELEASE.jar:/home/vinetechs/.m2/repository/org/springframework/boot/spring-boot-starter/2.1.4.RELEASE/spring-boot-starter-2.1.4.RELEASE.jar:/home/vinetechs/.m2/repository/org/springframework/boot/spring-boot-starter-logging/2.1.4.RELEASE/spring-boot-starter-logging-2.1.4.RELEASE.jar:/home/vinetechs/.m2/repository/ch/qos/logback/logback-classic/1.2.3/logback-classic-1.2.3.jar:/home/vinetechs/.m2/repository/ch/qos/logback/logback-core/1.2.3/logback-core-1.2.3.jar:/home/vinetechs/.m2/repository/org/apache/logging/log4j/log4j-to-slf4j/2.11.2/log4j-to-slf4j-2.11.2.jar:/home/vinetechs/.m2/repository/org/apache/logging/log4j/log4j-api/2.11.2/log4j-api-2.11.2.jar:/home/vinetechs/.m2/repository/org/slf4j/jul-to-slf4j/1.7.26/jul-to-slf4j-1.7.26.jar:/home/vinetechs/.m2/repository/javax/annotation/javax.annotation-api/1.3.2/javax.annotation-api-1.3.2.jar:/home/vinetechs/.m2/repository/org/yaml/snakeyaml/1.23/snakeyaml-1.23.jar:/home/vinetechs/.m2/repository/org/springframework/boot/spring-boot-actuator-autoconfigure/2.1.4.RELEASE/spring-boot-actuator-autoconfigure-2.1.4.RELEASE.jar:/home/vinetechs/.m2/repository/org/springframework/boot/spring-boot-actuator/2.1.4.RELEASE/spring-boot-actuator-2.1.4.RELEASE.jar:/home/vinetechs/.m2/repository/com/fasterxml/jackson/core/jackson-databind/2.9.8/jackson-databind-2.9.8.jar:/home/vinetechs/.m2/repository/org/springframework/spring-context/5.1.6.RELEASE/spring-context-5.1.6.RELEASE.jar:/home/vinetechs/.m2/repository/com/fasterxml/jackson/datatype/jackso
Launcher Type: SUN_STANDARD

Environment Variables:
PATH=/usr/local/sbin:/usr/local/bin:/usr/sbin:/usr/bin:/sbin:/bin:/usr/games:/usr/local/games:/snap/bin
USERNAME=vinetechs
SHELL=/bin/bash
DISPLAY=:0

Signal Handlers:
SIGSEGV: [libjvm.so+0xab5000], sa_mask[0]=11111111011111111101111111111110, sa_flags=SA_RESTART|SA_SIGINFO
SIGBUS: [libjvm.so+0xab5000], sa_mask[0]=11111111011111111101111111111110, sa_flags=SA_RESTART|SA_SIGINFO
SIGFPE: [libjvm.so+0x8ea970], sa_mask[0]=11111111011111111101111111111110, sa_flags=SA_RESTART|SA_SIGINFO
SIGPIPE: [libjvm.so+0x8ea970], sa_mask[0]=11111111011111111101111111111110, sa_flags=SA_RESTART|SA_SIGINFO
SIGXFSZ: [libjvm.so+0x8ea970], sa_mask[0]=11111111011111111101111111111110, sa_flags=SA_RESTART|SA_SIGINFO
SIGILL: [libjvm.so+0x8ea970], sa_mask[0]=11111111011111111101111111111110, sa_flags=SA_RESTART|SA_SIGINFO
SIGUSR1: SIG_DFL, sa_mask[0]=00000000000000000000000000000000, sa_flags=none
SIGUSR2: [libjvm.so+0x8ea820], sa_mask[0]=00100000000000000000000000000000, sa_flags=SA_RESTART|SA_SIGINFO
SIGHUP: [libjvm.so+0x8eae90], sa_mask[0]=11111111011111111101111111111110, sa_flags=SA_RESTART|SA_SIGINFO
SIGINT: [libjvm.so+0x8eae90], sa_mask[0]=11111111011111111101111111111110, sa_flags=SA_RESTART|SA_SIGINFO
SIGTERM: [libjvm.so+0x8eae90], sa_mask[0]=11111111011111111101111111111110, sa_flags=SA_RESTART|SA_SIGINFO
SIGQUIT: [libjvm.so+0x8eae90], sa_mask[0]=11111111011111111101111111111110, sa_flags=SA_RESTART|SA_SIGINFO


---------------  S Y S T E M  ---------------

OS:DISTRIB_ID=Ubuntu
DISTRIB_RELEASE=18.04
DISTRIB_CODENAME=bionic
DISTRIB_DESCRIPTION="Ubuntu 18.04.2 LTS"

uname:Linux 4.15.0-47-generic #50-Ubuntu SMP Wed Mar 13 10:44:52 UTC 2019 x86_64
libc:glibc 2.27 NPTL 2.27 
rlimit: STACK 8192k, CORE 0k, NPROC 31219, NOFILE 4096, AS infinity
load average:2.67 2.53 2.21

/proc/meminfo:
MemTotal:        8080204 kB
MemFree:          126728 kB
MemAvailable:      59352 kB
Buffers:            4804 kB
Cached:           462816 kB
SwapCached:         7512 kB
Active:          6625500 kB
Inactive:         904696 kB
Active(anon):    6590552 kB
Inactive(anon):   856776 kB
Active(file):      34948 kB
Inactive(file):    47920 kB
Unevictable:          80 kB
Mlocked:              80 kB
SwapTotal:       2097148 kB
SwapFree:              0 kB
Dirty:              1016 kB
Writeback:             0 kB
AnonPages:       7056244 kB
Mapped:           261556 kB
Shmem:            384004 kB
Slab:             149372 kB
SReclaimable:      59980 kB
SUnreclaim:        89392 kB
KernelStack:       29536 kB
PageTables:       132336 kB
NFS_Unstable:          0 kB
Bounce:                0 kB
WritebackTmp:          0 kB
CommitLimit:     6137248 kB
Committed_AS:   24250612 kB
VmallocTotal:   34359738367 kB
VmallocUsed:           0 kB
VmallocChunk:          0 kB
HardwareCorrupted:     0 kB
AnonHugePages:         0 kB
ShmemHugePages:        0 kB
ShmemPmdMapped:        0 kB
CmaTotal:              0 kB
CmaFree:               0 kB
HugePages_Total:       0
HugePages_Free:        0
HugePages_Rsvd:        0
HugePages_Surp:        0
Hugepagesize:       2048 kB
DirectMap4k:      401744 kB
DirectMap2M:     7899136 kB
DirectMap1G:     1048576 kB

container (cgroup) information:
container_type: cgroupv1
cpu_cpuset_cpus: 0-3
cpu_memory_nodes: 0
active_processor_count: 4
cpu_quota: -1
cpu_period: 100000
cpu_shares: -1
memory_limit_in_bytes: -1
memory_and_swap_limit_in_bytes: -2
memory_soft_limit_in_bytes: -1
memory_usage_in_bytes: 7710670848
memory_max_usage_in_bytes: 69816320


CPU:total 4 (initial active 4) (2 cores per cpu, 2 threads per core) family 6 model 61 stepping 4, cmov, cx8, fxsr, mmx, sse, sse2, sse3, ssse3, sse4.1, sse4.2, popcnt, avx, avx2, aes, clmul, erms, 3dnowpref, lzcnt, ht, tsc, tscinvbit, bmi1, bmi2, adx

/proc/cpuinfo:
processor	: 0
vendor_id	: GenuineIntel
cpu family	: 6
model		: 61
model name	: Intel(R) Core(TM) i5-5200U CPU @ 2.20GHz
stepping	: 4
microcode	: 0x2b
cpu MHz		: 2500.059
cache size	: 3072 KB
physical id	: 0
siblings	: 4
core id		: 0
cpu cores	: 2
apicid		: 0
initial apicid	: 0
fpu		: yes
fpu_exception	: yes
cpuid level	: 20
wp		: yes
flags		: fpu vme de pse tsc msr pae mce cx8 apic sep mtrr pge mca cmov pat pse36 clflush dts acpi mmx fxsr sse sse2 ss ht tm pbe syscall nx pdpe1gb rdtscp lm constant_tsc arch_perfmon pebs bts rep_good nopl xtopology nonstop_tsc cpuid aperfmperf pni pclmulqdq dtes64 monitor ds_cpl vmx est tm2 ssse3 sdbg fma cx16 xtpr pdcm pcid sse4_1 sse4_2 x2apic movbe popcnt tsc_deadline_timer aes xsave avx f16c rdrand lahf_lm abm 3dnowprefetch cpuid_fault epb invpcid_single pti ssbd ibrs ibpb stibp tpr_shadow vnmi flexpriority ept vpid fsgsbase tsc_adjust bmi1 avx2 smep bmi2 erms invpcid rdseed adx smap intel_pt xsaveopt dtherm ida arat pln pts flush_l1d
bugs		: cpu_meltdown spectre_v1 spectre_v2 spec_store_bypass l1tf
bogomips	: 4400.22
clflush size	: 64
cache_alignment	: 64
address sizes	: 39 bits physical, 48 bits virtual
power management:

processor	: 1
vendor_id	: GenuineIntel
cpu family	: 6
model		: 61
model name	: Intel(R) Core(TM) i5-5200U CPU @ 2.20GHz
stepping	: 4
microcode	: 0x2b
cpu MHz		: 2517.754
cache size	: 3072 KB
physical id	: 0
siblings	: 4
core id		: 1
cpu cores	: 2
apicid		: 2
initial apicid	: 2
fpu		: yes
fpu_exception	: yes
cpuid level	: 20
wp		: yes
flags		: fpu vme de pse tsc msr pae mce cx8 apic sep mtrr pge mca cmov pat pse36 clflush dts acpi mmx fxsr sse sse2 ss ht tm pbe syscall nx pdpe1gb rdtscp lm constant_tsc arch_perfmon pebs bts rep_good nopl xtopology nonstop_tsc cpuid aperfmperf pni pclmulqdq dtes64 monitor ds_cpl vmx est tm2 ssse3 sdbg fma cx16 xtpr pdcm pcid sse4_1 sse4_2 x2apic movbe popcnt tsc_deadline_timer aes xsave avx f16c rdrand lahf_lm abm 3dnowprefetch cpuid_fault epb invpcid_single pti ssbd ibrs ibpb stibp tpr_shadow vnmi flexpriority ept vpid fsgsbase tsc_adjust bmi1 avx2 smep bmi2 erms invpcid rdseed adx smap intel_pt xsaveopt dtherm ida arat pln pts flush_l1d
bugs		: cpu_meltdown spectre_v1 spectre_v2 spec_store_bypass l1tf
bogomips	: 4400.22
clflush size	: 64
cache_alignment	: 64
address sizes	: 39 bits physical, 48 bits virtual
power management:

processor	: 2
vendor_id	: GenuineIntel
cpu family	: 6
model		: 61
model name	: Intel(R) Core(TM) i5-5200U CPU @ 2.20GHz
stepping	: 4
microcode	: 0x2b
cpu MHz		: 2500.112
cache size	: 3072 KB
physical id	: 0
siblings	: 4
core id		: 0
cpu cores	: 2
apicid		: 1
initial apicid	: 1
fpu		: yes
fpu_exception	: yes
cpuid level	: 20
wp		: yes
flags		: fpu vme de pse tsc msr pae mce cx8 apic sep mtrr pge mca cmov pat pse36 clflush dts acpi mmx fxsr sse sse2 ss ht tm pbe syscall nx pdpe1gb rdtscp lm constant_tsc arch_perfmon pebs bts rep_good nopl xtopology nonstop_tsc cpuid aperfmperf pni pclmulqdq dtes64 monitor ds_cpl vmx est tm2 ssse3 sdbg fma cx16 xtpr pdcm pcid sse4_1 sse4_2 x2apic movbe popcnt tsc_deadline_timer aes xsave avx f16c rdrand lahf_lm abm 3dnowprefetch cpuid_fault epb invpcid_single pti ssbd ibrs ibpb stibp tpr_shadow vnmi flexpriority ept vpid fsgsbase tsc_adjust bmi1 avx2 smep bmi2 erms invpcid rdseed adx smap intel_pt xsaveopt dtherm ida arat pln pts flush_l1d
bugs		: cpu_meltdown spectre_v1 spectre_v2 spec_store_bypass l1tf
bogomips	: 4400.22
clflush size	: 64
cache_alignment	: 64
address sizes	: 39 bits physical, 48 bits virtual
power management:

processor	: 3
vendor_id	: GenuineIntel
cpu family	: 6
model		: 61
model name	: Intel(R) Core(TM) i5-5200U CPU @ 2.20GHz
stepping	: 4
microcode	: 0x2b
cpu MHz		: 2556.526
cache size	: 3072 KB
physical id	: 0
siblings	: 4
core id		: 1
cpu cores	: 2
apicid		: 3
initial apicid	: 3
fpu		: yes
fpu_exception	: yes
cpuid level	: 20
wp		: yes
flags		: fpu vme de pse tsc msr pae mce cx8 apic sep mtrr pge mca cmov pat pse36 clflush dts acpi mmx fxsr sse sse2 ss ht tm pbe syscall nx pdpe1gb rdtscp lm constant_tsc arch_perfmon pebs bts rep_good nopl xtopology nonstop_tsc cpuid aperfmperf pni pclmulqdq dtes64 monitor ds_cpl vmx est tm2 ssse3 sdbg fma cx16 xtpr pdcm pcid sse4_1 sse4_2 x2apic movbe popcnt tsc_deadline_timer aes xsave avx f16c rdrand lahf_lm abm 3dnowprefetch cpuid_fault epb invpcid_single pti ssbd ibrs ibpb stibp tpr_shadow vnmi flexpriority ept vpid fsgsbase tsc_adjust bmi1 avx2 smep bmi2 erms invpcid rdseed adx smap intel_pt xsaveopt dtherm ida arat pln pts flush_l1d
bugs		: cpu_meltdown spectre_v1 spectre_v2 spec_store_bypass l1tf
bogomips	: 4400.22
clflush size	: 64
cache_alignment	: 64
address sizes	: 39 bits physical, 48 bits virtual
power management:



Memory: 4k page, physical 8080204k(132264k free), swap 2097148k(0k free)

vm_info: OpenJDK 64-Bit Server VM (25.212-b03) for linux-amd64 JRE (1.8.0_212-8u212-b03-0ubuntu1.18.04.1-b03), built on Apr 26 2019 01:04:36 by "buildd" with gcc 7.3.0

time: Thu May 16 09:50:11 2019
timezone: EEST
elapsed time: 4 seconds (0d 0h 0m 4s)

